{"level":"error","message":"Proxy error: getaddrinfo ENOTFOUND http","service":"identity-service","timestamp":"2025-03-20T15:52:46.481Z"}
{"level":"error","message":"Proxy error: getaddrinfo ENOTFOUND http","service":"identity-service","timestamp":"2025-03-20T15:59:56.366Z"}
{"level":"error","message":"\u001b[31mRoute not found\u001b[39m","service":"identity-service","timestamp":"2025-03-20T16:02:03.106Z"}
{"level":"error","message":"\u001b[31mFrom API-Gateway, Route not found\u001b[39m","service":"identity-service","timestamp":"2025-03-20T16:03:04.138Z"}
{"level":"error","message":"\u001b[31mFrom API-Gateway, Route not found\u001b[39m","service":"identity-service","timestamp":"2025-03-20T16:04:21.983Z"}
{"level":"error","message":"Proxy error: getaddrinfo ENOTFOUND http","service":"identity-service","timestamp":"2025-03-20T16:10:49.111Z"}
{"level":"error","message":"Proxy error: ","service":"identity-service","timestamp":"2025-03-21T14:52:06.044Z"}
{"level":"error","message":"Proxy error: ","service":"identity-service","timestamp":"2025-03-22T09:49:24.081Z"}
{"level":"error","message":"Proxy error: ","service":"identity-service","timestamp":"2025-03-22T09:53:41.888Z"}
{"level":"error","message":"\u001b[31mProxy error: \u001b[39m","service":"identity-service","timestamp":"2025-03-22T09:54:26.187Z"}
{"level":"error","message":"\u001b[31mProxy error: \u001b[39m","service":"identity-service","timestamp":"2025-03-22T09:56:00.246Z"}
{"level":"error","message":"\u001b[31mProxy error: \u001b[39m","service":"identity-service","timestamp":"2025-03-22T09:56:46.238Z"}
{"level":"error","message":"\u001b[31mProxy error: \u001b[39m","service":"identity-service","timestamp":"2025-03-22T09:57:14.869Z"}
{"level":"error","message":"\u001b[31mProxy error: \u001b[39m","service":"identity-service","timestamp":"2025-03-22T09:58:35.962Z"}
{"level":"error","message":"\u001b[31mProxy error: \u001b[39m","service":"identity-service","timestamp":"2025-03-22T10:00:48.823Z"}
{"level":"error","message":"\u001b[31mProxy error: socket hang up\u001b[39m","service":"identity-service","timestamp":"2025-03-22T10:22:34.049Z"}
{"level":"error","message":"\u001b[31mProxy error: socket hang up\u001b[39m","service":"identity-service","timestamp":"2025-03-22T10:27:51.749Z"}
{"level":"error","message":"\u001b[31mProxy error: socket hang up\u001b[39m","service":"identity-service","timestamp":"2025-03-22T10:40:31.457Z"}
{"level":"error","message":"\u001b[31mFrom API-Gateway, Route not found\u001b[39m","service":"identity-service","timestamp":"2025-03-22T11:30:48.397Z"}
{"level":"error","message":"\u001b[31mProxy error: socket hang up\u001b[39m","service":"identity-service","timestamp":"2025-03-22T11:36:26.783Z"}
{"level":"error","message":"\u001b[31mProxy error: socket hang up\u001b[39m","service":"identity-service","timestamp":"2025-03-22T11:37:54.787Z"}
{"level":"error","message":"\u001b[31mProxy error: \u001b[39m","service":"identity-service","timestamp":"2025-03-22T11:59:10.327Z"}
{"level":"error","message":"\u001b[31mProxy error: socket hang up\u001b[39m","service":"identity-service","timestamp":"2025-03-22T12:51:01.415Z"}
{"level":"error","message":"\u001b[31mProxy error: socket hang up\u001b[39m","service":"identity-service","timestamp":"2025-03-22T12:55:00.519Z"}
{"level":"error","message":"\u001b[31mProxy error: socket hang up\u001b[39m","service":"identity-service","timestamp":"2025-03-22T13:00:59.970Z"}
{"level":"error","message":"\u001b[31mProxy error: socket hang up\u001b[39m","service":"identity-service","timestamp":"2025-03-22T20:46:49.509Z"}
{"level":"error","message":"\u001b[31mProxy error: \u001b[39m","service":"identity-service","timestamp":"2025-03-22T21:04:45.715Z"}
{"level":"error","message":"\u001b[31mProxy error: \u001b[39m","service":"identity-service","timestamp":"2025-03-23T14:46:50.534Z"}
{"level":"error","message":"Error parsing proxy response: Unexpected token '<', \"<!DOCTYPE \"... is not valid JSON","service":"identity-service","stack":"SyntaxError: Unexpected token '<', \"<!DOCTYPE \"... is not valid JSON\n    at JSON.parse (<anonymous>)\n    at userResDecorator (file:///Users/macbook/Desktop/payflex%20microservice/api-gateway/src/server.js:92:27)\n    at /Users/macbook/Desktop/payflex microservice/api-gateway/node_modules/express-http-proxy/app/steps/decorateUserRes.js:69:14\n    at process.processTicksAndRejections (node:internal/process/task_queues:105:5)","timestamp":"2025-03-23T15:03:46.506Z"}
{"level":"error","message":"Error parsing proxy response: Unexpected token '<', \"<!DOCTYPE \"... is not valid JSON","service":"identity-service","stack":"SyntaxError: Unexpected token '<', \"<!DOCTYPE \"... is not valid JSON\n    at JSON.parse (<anonymous>)\n    at userResDecorator (file:///Users/macbook/Desktop/payflex%20microservice/api-gateway/src/server.js:92:27)\n    at /Users/macbook/Desktop/payflex microservice/api-gateway/node_modules/express-http-proxy/app/steps/decorateUserRes.js:69:14\n    at process.processTicksAndRejections (node:internal/process/task_queues:105:5)","timestamp":"2025-03-23T15:04:53.519Z"}
{"level":"error","message":"\u001b[31mProxy error: \u001b[39m","service":"identity-service","timestamp":"2025-03-23T19:12:12.099Z"}
{"level":"error","message":"\u001b[31mProxy error: \u001b[39m","service":"identity-service","timestamp":"2025-03-24T14:18:33.393Z"}
{"level":"error","message":"\u001b[31mProxy error: \u001b[39m","service":"identity-service","timestamp":"2025-03-24T14:18:42.290Z"}
{"level":"error","message":"\u001b[31mProxy error: \u001b[39m","service":"identity-service","timestamp":"2025-03-24T14:19:45.172Z"}
{"level":"error","message":"\u001b[31mProxy error: \u001b[39m","service":"identity-service","timestamp":"2025-03-24T14:21:57.111Z"}
{"level":"error","message":"\u001b[31mProxy error: \u001b[39m","service":"identity-service","timestamp":"2025-03-24T14:23:33.563Z"}
{"level":"error","message":"\u001b[31mProxy error: \u001b[39m","service":"identity-service","timestamp":"2025-03-24T14:24:32.681Z"}
{"level":"error","message":"\u001b[31mProxy error: \u001b[39m","service":"identity-service","timestamp":"2025-03-24T14:25:47.130Z"}
{"level":"error","message":"\u001b[31mProxy error: \u001b[39m","service":"identity-service","timestamp":"2025-03-24T14:26:18.677Z"}
{"level":"error","message":"\u001b[31mProxy error: \u001b[39m","service":"identity-service","timestamp":"2025-03-24T14:30:44.865Z"}
{"level":"error","message":"\u001b[31mProxy error: \u001b[39m","service":"identity-service","timestamp":"2025-03-24T14:31:20.229Z"}
{"level":"error","message":"Proxy error: ","service":"identity-service","timestamp":"2025-03-24T14:34:21.168Z"}
{"level":"error","message":"Proxy error: AggregateError","service":"identity-service","timestamp":"2025-03-24T14:35:02.772Z"}
{"level":"error","message":"Proxy error: AggregateError","service":"identity-service","timestamp":"2025-03-24T14:36:19.864Z"}
{"level":"error","message":"Proxy error: AggregateError","service":"identity-service","timestamp":"2025-03-24T14:36:34.008Z"}
{"level":"error","message":"\u001b[31mProxy error: AggregateError\u001b[39m","service":"identity-service","timestamp":"2025-03-24T14:37:19.811Z"}
{"level":"error","message":"\u001b[31mProxy error: AggregateError\u001b[39m","service":"identity-service","timestamp":"2025-03-24T14:38:29.303Z"}
{"level":"error","message":"\u001b[31mProxy error: AggregateError\u001b[39m","service":"identity-service","timestamp":"2025-03-24T14:39:44.862Z"}
{"level":"error","message":"\u001b[31mProxy error: AggregateError\u001b[39m","service":"identity-service","timestamp":"2025-03-24T14:39:56.888Z"}
{"level":"error","message":"\u001b[31mProxy error: AggregateError\u001b[39m","service":"identity-service","timestamp":"2025-03-24T14:40:11.099Z"}
{"level":"error","message":"Error parsing proxy response: Unexpected token '<', \"<!DOCTYPE \"... is not valid JSON","service":"identity-service","stack":"SyntaxError: Unexpected token '<', \"<!DOCTYPE \"... is not valid JSON\n    at JSON.parse (<anonymous>)\n    at userResDecorator (file:///Users/macbook/Desktop/payflex%20microservice/api-gateway/src/server.js:160:27)\n    at /Users/macbook/Desktop/payflex microservice/api-gateway/node_modules/express-http-proxy/app/steps/decorateUserRes.js:69:14\n    at process.processTicksAndRejections (node:internal/process/task_queues:105:5)","timestamp":"2025-03-24T14:41:32.052Z"}
{"body":"<!DOCTYPE html>\n<html lang=\"en\">\n<head>\n<meta charset=\"utf-8\">\n<title>Error</title>\n</head>\n<body>\n<pre>Cannot GET /api/v1/history/get-transaction-histories</pre>\n</body>\n</html>\n","level":"error","message":"Error parsing proxy response: Response is not JSON","service":"identity-service","statusCode":404,"timestamp":"2025-03-24T14:48:45.047Z"}
{"body":"<!DOCTYPE html>\n<html lang=\"en\">\n<head>\n<meta charset=\"utf-8\">\n<title>Error</title>\n</head>\n<body>\n<pre>Cannot GET /api/v1/history/get-transaction-histories</pre>\n</body>\n</html>\n","level":"error","message":"Error parsing proxy response: Response is not JSON","service":"identity-service","statusCode":404,"timestamp":"2025-03-24T14:49:38.690Z"}
{"body":"<!DOCTYPE html>\n<html lang=\"en\">\n<head>\n<meta charset=\"utf-8\">\n<title>Error</title>\n</head>\n<body>\n<pre>ReferenceError: colors is not defined<br> &nbsp; &nbsp;at file:///Users/macbook/Desktop/payflex%","level":"error","message":"Error parsing proxy response: Response is not JSON","service":"identity-service","statusCode":500,"timestamp":"2025-03-24T14:52:00.766Z"}
{"level":"error","message":"\u001b[31mFrom API-Gateway, Route not found\u001b[39m","service":"identity-service","timestamp":"2025-03-24T15:58:13.838Z"}
{"level":"error","message":"\u001b[31mFrom API-Gateway, Route not found\u001b[39m","service":"identity-service","timestamp":"2025-03-25T15:27:32.603Z"}
