{"0":"r","1":"e","2":"a","3":"s","4":"o","5":"n","6":":","level":"error","message":"Unhandled Rejection at","service":"identity-service","timestamp":"2025-03-20T15:09:12.344Z"}
{"level":"info","message":"Identity service running on port 4000","service":"identity-service","timestamp":"2025-03-20T15:10:12.973Z"}
{"level":"info","message":"Identity service running on port 4000","service":"identity-service","timestamp":"2025-03-20T15:10:42.529Z"}
{"level":"error","message":"\u001b[31mRoute not found\u001b[39m","service":"identity-service","timestamp":"2025-03-20T15:10:47.073Z"}
{"level":"info","message":"Identity service running on port 4000","service":"identity-service","timestamp":"2025-03-20T15:11:36.950Z"}
{"level":"info","message":"Identity service running on port 4000","service":"identity-service","timestamp":"2025-03-20T15:11:40.429Z"}
{"level":"error","message":"\u001b[31mRoute not found\u001b[39m","service":"identity-service","timestamp":"2025-03-20T15:11:48.781Z"}
{"level":"info","message":"\u001b[35mPayflex microservice express API is running\u001b[39m","service":"identity-service","timestamp":"2025-03-20T15:12:05.085Z"}
{"level":"info","message":"Identity service running on port 4001","service":"identity-service","timestamp":"2025-03-20T15:38:25.274Z"}
{"level":"info","message":"Identity service running on port 4001","service":"identity-service","timestamp":"2025-03-20T15:50:49.420Z"}
{"level":"info","message":"Identity service running on port 4001","service":"identity-service","timestamp":"2025-03-20T15:53:49.981Z"}
{"level":"info","message":"Identity service running on port 4001","service":"identity-service","timestamp":"2025-03-20T15:54:39.608Z"}
{"level":"info","message":"Identity service running on port 4001","service":"identity-service","timestamp":"2025-03-21T14:26:22.022Z"}
{"level":"info","message":"Identity service running on port 4001","service":"identity-service","timestamp":"2025-03-21T14:35:52.179Z"}
{"level":"info","message":"Identity service running on port 4001","service":"identity-service","timestamp":"2025-03-21T14:37:27.397Z"}
{"level":"info","message":"Identity service running on port 4001","service":"identity-service","timestamp":"2025-03-21T14:37:42.115Z"}
{"level":"info","message":"Identity service running on port 4001","service":"identity-service","timestamp":"2025-03-21T14:42:36.558Z"}
{"level":"info","message":"Identity service running on port 4001","service":"identity-service","timestamp":"2025-03-21T14:43:52.910Z"}
{"level":"info","message":"Identity service running on port 4001","service":"identity-service","timestamp":"2025-03-21T14:44:22.627Z"}
{"level":"info","message":"Identity service running on port 4001","service":"identity-service","timestamp":"2025-03-21T14:44:48.540Z"}
{"level":"info","message":"Identity service running on port 4001","service":"identity-service","timestamp":"2025-03-21T14:44:57.559Z"}
{"level":"info","message":"Identity service running on port 4001","service":"identity-service","timestamp":"2025-03-21T14:45:04.104Z"}
{"level":"info","message":"Identity service running on port 4001","service":"identity-service","timestamp":"2025-03-21T14:45:10.615Z"}
{"level":"info","message":"Identity service running on port 4001","service":"identity-service","timestamp":"2025-03-21T14:46:02.881Z"}
{"level":"info","message":"Identity service running on port 4001","service":"identity-service","timestamp":"2025-03-21T14:46:30.584Z"}
{"level":"info","message":"Identity service running on port 4001","service":"identity-service","timestamp":"2025-03-21T14:49:01.531Z"}
{"level":"info","message":"Identity service running on port 4001","service":"identity-service","timestamp":"2025-03-21T14:49:08.432Z"}
{"level":"info","message":"Identity service running on port 4001","service":"identity-service","timestamp":"2025-03-21T14:49:12.412Z"}
{"level":"info","message":"Identity service running on port 4001","service":"identity-service","timestamp":"2025-03-21T14:49:22.076Z"}
{"level":"info","message":"Identity service running on port 4001","service":"identity-service","timestamp":"2025-03-21T14:49:25.134Z"}
{"level":"info","message":"Identity service running on port 4001","service":"identity-service","timestamp":"2025-03-21T14:49:32.454Z"}
{"level":"info","message":"Identity service running on port 4001","service":"identity-service","timestamp":"2025-03-21T14:49:45.148Z"}
{"level":"info","message":"Identity service running on port 4001","service":"identity-service","timestamp":"2025-03-21T14:49:48.261Z"}
{"level":"info","message":"Identity service running on port 4001","service":"identity-service","timestamp":"2025-03-21T14:49:51.299Z"}
{"level":"info","message":"Identity service running on port 4001","service":"identity-service","timestamp":"2025-03-21T14:49:55.253Z"}
{"level":"info","message":"Identity service running on port 4001","service":"identity-service","timestamp":"2025-03-21T14:52:07.335Z"}
{"level":"info","message":"Identity service running on port 4001","service":"identity-service","timestamp":"2025-03-21T14:53:31.887Z"}
{"level":"info","message":"Identity service running on port 4001","service":"identity-service","timestamp":"2025-03-21T14:56:08.412Z"}
{"level":"info","message":"Identity service running on port 4001","service":"identity-service","timestamp":"2025-03-21T14:56:16.932Z"}
{"level":"info","message":"Identity service running on port 4001","service":"identity-service","timestamp":"2025-03-21T14:57:25.377Z"}
{"level":"info","message":"Identity service running on port 4001","service":"identity-service","timestamp":"2025-03-21T14:57:28.282Z"}
{"level":"info","message":"Identity service running on port 4001","service":"identity-service","timestamp":"2025-03-21T14:57:38.553Z"}
{"level":"info","message":"Identity service running on port 4001","service":"identity-service","timestamp":"2025-03-21T14:58:11.547Z"}
{"level":"info","message":"Identity service running on port 4001","service":"identity-service","timestamp":"2025-03-21T14:58:26.046Z"}
{"level":"info","message":"Identity service running on port 4001","service":"identity-service","timestamp":"2025-03-21T14:59:04.912Z"}
{"level":"info","message":"Identity service running on port 4001","service":"identity-service","timestamp":"2025-03-21T15:02:12.086Z"}
{"level":"info","message":"Identity service running on port 4001","service":"identity-service","timestamp":"2025-03-21T15:02:20.892Z"}
{"level":"info","message":"Identity service running on port 4001","service":"identity-service","timestamp":"2025-03-21T15:03:39.922Z"}
{"level":"info","message":"Identity service running on port 4001","service":"identity-service","timestamp":"2025-03-21T15:04:57.639Z"}
{"level":"info","message":"Identity service running on port 4001","service":"identity-service","timestamp":"2025-03-21T15:07:47.335Z"}
{"level":"info","message":"Identity service running on port 4001","service":"identity-service","timestamp":"2025-03-21T15:11:15.139Z"}
{"level":"info","message":"Identity service running on port 4001","service":"identity-service","timestamp":"2025-03-21T15:11:29.998Z"}
{"level":"info","message":"Identity service running on port 4001","service":"identity-service","timestamp":"2025-03-21T15:11:35.131Z"}
{"level":"info","message":"Identity service running on port 4001","service":"identity-service","timestamp":"2025-03-21T15:11:54.023Z"}
{"level":"info","message":"Identity service running on port 4001","service":"identity-service","timestamp":"2025-03-21T15:12:22.542Z"}
{"level":"info","message":"Identity service running on port 4001","service":"identity-service","timestamp":"2025-03-21T15:12:29.263Z"}
{"level":"info","message":"Identity service running on port 4001","service":"identity-service","timestamp":"2025-03-21T15:14:58.109Z"}
{"level":"info","message":"Identity service running on port 4001","service":"identity-service","timestamp":"2025-03-21T15:15:46.478Z"}
{"level":"info","message":"Identity service running on port 4001","service":"identity-service","timestamp":"2025-03-21T15:16:00.017Z"}
{"level":"info","message":"Identity service running on port 4001","service":"identity-service","timestamp":"2025-03-21T15:16:08.127Z"}
{"level":"info","message":"Identity service running on port 4001","service":"identity-service","timestamp":"2025-03-21T15:16:16.450Z"}
{"level":"info","message":"Identity service running on port 4001","service":"identity-service","timestamp":"2025-03-21T15:16:28.785Z"}
{"level":"info","message":"Identity service running on port 4001","service":"identity-service","timestamp":"2025-03-21T15:18:30.392Z"}
{"level":"info","message":"Identity service running on port 4001","service":"identity-service","timestamp":"2025-03-21T15:20:22.780Z"}
{"level":"info","message":"Identity service running on port 4001","service":"identity-service","timestamp":"2025-03-21T15:20:26.457Z"}
{"level":"info","message":"Identity service running on port 4001","service":"identity-service","timestamp":"2025-03-21T15:23:47.926Z"}
{"level":"info","message":"Identity service running on port 4001","service":"identity-service","timestamp":"2025-03-22T10:04:20.652Z"}
{"level":"info","message":"Identity service running on port 4001","service":"identity-service","timestamp":"2025-03-22T10:05:33.470Z"}
{"level":"info","message":"Identity service running on port 4001","service":"identity-service","timestamp":"2025-03-22T10:11:16.623Z"}
{"level":"info","message":"Identity service running on port 4001","service":"identity-service","timestamp":"2025-03-22T10:14:31.422Z"}
{"level":"info","message":"Identity service running on port 4001","service":"identity-service","timestamp":"2025-03-22T10:16:10.507Z"}
{"level":"info","message":"Identity service running on port 4001","service":"identity-service","timestamp":"2025-03-22T10:19:24.571Z"}
{"level":"info","message":"Identity service running on port 4001","service":"identity-service","timestamp":"2025-03-22T10:20:56.703Z"}
{"0":"r","1":"e","2":"a","3":"s","4":"o","5":"n","6":":","level":"error","message":"Unhandled Rejection at","service":"identity-service","timestamp":"2025-03-22T10:21:27.825Z"}
{"level":"info","message":"Identity service running on port 4001","service":"identity-service","timestamp":"2025-03-22T10:22:41.407Z"}
{"level":"info","message":"Identity service running on port 4001","service":"identity-service","timestamp":"2025-03-22T10:27:04.387Z"}
{"0":"r","1":"e","2":"a","3":"s","4":"o","5":"n","6":":","level":"error","message":"Unhandled Rejection at","service":"identity-service","timestamp":"2025-03-22T10:27:09.368Z"}
{"level":"info","message":"Identity service running on port 4001","service":"identity-service","timestamp":"2025-03-22T10:27:54.854Z"}
{"level":"info","message":"Identity service running on port 4001","service":"identity-service","timestamp":"2025-03-22T10:27:59.855Z"}
{"level":"info","message":"Identity service running on port 4001","service":"identity-service","timestamp":"2025-03-22T10:29:39.968Z"}
{"0":"r","1":"e","2":"a","3":"s","4":"o","5":"n","6":":","level":"error","message":"Unhandled Rejection at","service":"identity-service","timestamp":"2025-03-22T10:29:45.622Z"}
{"0":"r","1":"e","2":"a","3":"s","4":"o","5":"n","6":":","level":"error","message":"Unhandled Rejection at","service":"identity-service","timestamp":"2025-03-22T10:34:32.377Z"}
{"0":"r","1":"e","2":"a","3":"s","4":"o","5":"n","6":":","level":"error","message":"Unhandled Rejection at","service":"identity-service","timestamp":"2025-03-22T10:36:13.362Z"}
{"0":"r","1":"e","2":"a","3":"s","4":"o","5":"n","6":":","level":"error","message":"Unhandled Rejection at","service":"identity-service","timestamp":"2025-03-22T10:38:16.026Z"}
{"level":"info","message":"Identity service running on port 4001","service":"identity-service","timestamp":"2025-03-22T10:40:39.299Z"}
{"level":"error","message":"Unhandled Rejection at: [object Promise], reason: ReferenceError: logger is not defined","service":"identity-service","timestamp":"2025-03-22T10:41:10.076Z"}
{"level":"info","message":"Identity service running on port 4001","service":"identity-service","timestamp":"2025-03-22T10:42:45.498Z"}
{"level":"info","message":"Refresh token endpoint hit...","service":"identity-service","timestamp":"2025-03-22T10:42:50.406Z"}
{"level":"error","message":"Refresh token error occured generateTokens is not defined","service":"identity-service","stack":"ReferenceError: generateTokens is not defined\n    at refreshAccessToken (file:///Users/macbook/Desktop/payflex%20microservice/identity-service/src/controllers/authController.js:193:7)\n    at process.processTicksAndRejections (node:internal/process/task_queues:105:5)","timestamp":"2025-03-22T10:42:50.964Z"}
{"level":"info","message":"Identity service running on port 4001","service":"identity-service","timestamp":"2025-03-22T10:43:23.278Z"}
{"level":"info","message":"Identity service running on port 4001","service":"identity-service","timestamp":"2025-03-22T10:43:25.997Z"}
{"level":"info","message":"Identity service running on port 4001","service":"identity-service","timestamp":"2025-03-22T10:43:35.157Z"}
{"level":"info","message":"Refresh token endpoint hit...","service":"identity-service","timestamp":"2025-03-22T10:43:42.017Z"}
{"level":"error","message":"Refresh token error occured res.cookie is not a function","service":"identity-service","stack":"TypeError: res.cookie is not a function\n    at generateTokens (file:///Users/macbook/Desktop/payflex%20microservice/identity-service/src/common/utils/generate-token.js:12:9)\n    at refreshAccessToken (file:///Users/macbook/Desktop/payflex%20microservice/identity-service/src/controllers/authController.js:193:82)\n    at process.processTicksAndRejections (node:internal/process/task_queues:105:5)","timestamp":"2025-03-22T10:43:42.323Z"}
{"level":"info","message":"Identity service running on port 4001","service":"identity-service","timestamp":"2025-03-22T10:44:49.617Z"}
{"level":"info","message":"Identity service running on port 4001","service":"identity-service","timestamp":"2025-03-22T10:45:05.388Z"}
{"level":"info","message":"Identity service running on port 4001","service":"identity-service","timestamp":"2025-03-22T10:45:09.388Z"}
{"level":"info","message":"Identity service running on port 4001","service":"identity-service","timestamp":"2025-03-22T10:45:22.663Z"}
{"level":"info","message":"Refresh token endpoint hit...","service":"identity-service","timestamp":"2025-03-22T10:45:30.232Z"}
{"level":"info","message":"Identity service running on port 4001","service":"identity-service","timestamp":"2025-03-22T10:45:46.985Z"}
{"level":"info","message":"Identity service running on port 4001","service":"identity-service","timestamp":"2025-03-22T10:45:50.273Z"}
{"level":"info","message":"Identity service running on port 4001","service":"identity-service","timestamp":"2025-03-22T10:45:56.734Z"}
{"level":"info","message":"Identity service running on port 4001","service":"identity-service","timestamp":"2025-03-22T10:46:02.638Z"}
{"level":"info","message":"Identity service running on port 4001","service":"identity-service","timestamp":"2025-03-22T10:46:13.447Z"}
{"level":"info","message":"Identity service running on port 4001","service":"identity-service","timestamp":"2025-03-22T10:46:16.878Z"}
{"level":"info","message":"Refresh token endpoint hit...","service":"identity-service","timestamp":"2025-03-22T10:46:24.298Z"}
{"level":"warn","message":"Invalid or expired refresh token","service":"identity-service","timestamp":"2025-03-22T10:46:24.498Z"}
{"level":"info","message":"Identity service running on port 4001","service":"identity-service","timestamp":"2025-03-22T10:48:36.666Z"}
{"level":"info","message":"Identity service running on port 4001","service":"identity-service","timestamp":"2025-03-22T10:50:28.060Z"}
{"level":"info","message":"Identity service running on port 4001","service":"identity-service","timestamp":"2025-03-22T10:50:38.592Z"}
{"level":"info","message":"Identity service running on port 4001","service":"identity-service","timestamp":"2025-03-22T10:50:58.403Z"}
{"level":"info","message":"Identity service running on port 4001","service":"identity-service","timestamp":"2025-03-22T10:52:35.468Z"}
{"level":"info","message":"Refresh token endpoint hit...","service":"identity-service","timestamp":"2025-03-22T10:53:13.120Z"}
{"level":"info","message":"\u001b[35mAccess token successfully refreshed with refresh token\u001b[39m","service":"identity-service","timestamp":"2025-03-22T10:53:13.578Z"}
{"level":"info","message":"Identity service running on port 4001","service":"identity-service","timestamp":"2025-03-22T10:54:30.595Z"}
{"level":"info","message":"Identity service running on port 4001","service":"identity-service","timestamp":"2025-03-22T10:55:23.574Z"}
{"level":"info","message":"Identity service running on port 4001","service":"identity-service","timestamp":"2025-03-22T10:55:47.500Z"}
{"level":"info","message":"Identity service running on port 4001","service":"identity-service","timestamp":"2025-03-22T10:56:13.589Z"}
{"level":"info","message":"Identity service running on port 4001","service":"identity-service","timestamp":"2025-03-22T10:56:23.454Z"}
{"level":"info","message":"Identity service running on port 4001","service":"identity-service","timestamp":"2025-03-22T10:56:30.353Z"}
{"level":"info","message":"Identity service running on port 4001","service":"identity-service","timestamp":"2025-03-22T10:56:45.123Z"}
{"level":"info","message":"Identity service running on port 4001","service":"identity-service","timestamp":"2025-03-22T10:56:55.304Z"}
{"level":"info","message":"Identity service running on port 4001","service":"identity-service","timestamp":"2025-03-22T10:57:08.445Z"}
{"level":"info","message":"Refresh token endpoint hit...","service":"identity-service","timestamp":"2025-03-22T10:57:15.406Z"}
{"level":"warn","message":"Invalid or expired refresh token","service":"identity-service","timestamp":"2025-03-22T10:57:15.570Z"}
{"level":"info","message":"Refresh token endpoint hit...","service":"identity-service","timestamp":"2025-03-22T10:57:42.800Z"}
{"level":"warn","message":"Invalid or expired refresh token","service":"identity-service","timestamp":"2025-03-22T10:57:42.957Z"}
{"level":"info","message":"Refresh token endpoint hit...","service":"identity-service","timestamp":"2025-03-22T10:58:01.456Z"}
{"level":"info","message":"\u001b[35mAccess token successfully refreshed with refresh token\u001b[39m","service":"identity-service","timestamp":"2025-03-22T10:58:02.107Z"}
{"level":"info","message":"Identity service running on port 4001","service":"identity-service","timestamp":"2025-03-22T10:58:45.314Z"}
{"level":"info","message":"Refresh token endpoint hit...","service":"identity-service","timestamp":"2025-03-22T10:59:08.950Z"}
{"level":"warn","message":"Invalid or expired refresh token","service":"identity-service","timestamp":"2025-03-22T10:59:09.101Z"}
{"level":"info","message":"Refresh token endpoint hit...","service":"identity-service","timestamp":"2025-03-22T10:59:39.914Z"}
{"level":"info","message":"\u001b[35mAccess token successfully refreshed with refresh token\u001b[39m","service":"identity-service","timestamp":"2025-03-22T10:59:40.458Z"}
{"level":"info","message":"Identity service running on port 4001","service":"identity-service","timestamp":"2025-03-22T11:00:43.219Z"}
{"level":"info","message":"Identity service running on port 4001","service":"identity-service","timestamp":"2025-03-22T11:01:03.429Z"}
{"level":"info","message":"Identity service running on port 4001","service":"identity-service","timestamp":"2025-03-22T11:03:00.419Z"}
{"level":"info","message":"Identity service running on port 4001","service":"identity-service","timestamp":"2025-03-22T11:04:06.297Z"}
{"level":"info","message":"Identity service running on port 4001","service":"identity-service","timestamp":"2025-03-22T11:05:24.466Z"}
{"level":"info","message":"Identity service running on port 4001","service":"identity-service","timestamp":"2025-03-22T11:05:32.042Z"}
{"level":"info","message":"Identity service running on port 4001","service":"identity-service","timestamp":"2025-03-22T11:05:50.179Z"}
{"level":"info","message":"Identity service running on port 4001","service":"identity-service","timestamp":"2025-03-22T11:05:56.296Z"}
{"level":"info","message":"Identity service running on port 4001","service":"identity-service","timestamp":"2025-03-22T11:06:12.437Z"}
{"level":"info","message":"Identity service running on port 4001","service":"identity-service","timestamp":"2025-03-22T11:07:42.249Z"}
{"level":"info","message":"Identity service running on port 4001","service":"identity-service","timestamp":"2025-03-22T11:07:49.069Z"}
{"level":"info","message":"Identity service running on port 4001","service":"identity-service","timestamp":"2025-03-22T11:08:19.454Z"}
{"level":"info","message":"Identity service running on port 4001","service":"identity-service","timestamp":"2025-03-22T11:08:33.624Z"}
{"level":"info","message":"Identity service running on port 4001","service":"identity-service","timestamp":"2025-03-22T11:08:51.653Z"}
{"level":"info","message":"Identity service running on port 4001","service":"identity-service","timestamp":"2025-03-22T11:08:56.662Z"}
{"level":"info","message":"Identity service running on port 4001","service":"identity-service","timestamp":"2025-03-22T11:09:02.542Z"}
{"level":"info","message":"Identity service running on port 4001","service":"identity-service","timestamp":"2025-03-22T11:09:08.856Z"}
{"level":"info","message":"Refresh token endpoint hit...","service":"identity-service","timestamp":"2025-03-22T11:09:12.678Z"}
{"level":"error","message":"Refresh token error occurred logger is not defined","service":"identity-service","stack":"ReferenceError: logger is not defined\n    at refreshAccessTokenService (file:///Users/macbook/Desktop/payflex%20microservice/identity-service/src/services/auth-service.js:269:5)\n    at process.processTicksAndRejections (node:internal/process/task_queues:105:5)\n    at async refreshAccessToken (file:///Users/macbook/Desktop/payflex%20microservice/identity-service/src/controllers/authController.js:166:20)","timestamp":"2025-03-22T11:09:12.850Z"}
{"level":"info","message":"Identity service running on port 4001","service":"identity-service","timestamp":"2025-03-22T11:09:49.158Z"}
{"level":"info","message":"Refresh token endpoint hit...","service":"identity-service","timestamp":"2025-03-22T11:09:52.593Z"}
{"level":"warn","message":"\u001b[31mInvalid or expired refresh token\u001b[39m","service":"identity-service","timestamp":"2025-03-22T11:09:52.748Z"}
{"level":"info","message":"Identity service running on port 4001","service":"identity-service","timestamp":"2025-03-22T11:10:30.848Z"}
{"level":"info","message":"Identity service running on port 4001","service":"identity-service","timestamp":"2025-03-22T11:10:36.442Z"}
{"level":"info","message":"Identity service running on port 4001","service":"identity-service","timestamp":"2025-03-22T11:10:41.956Z"}
{"level":"info","message":"Identity service running on port 4001","service":"identity-service","timestamp":"2025-03-22T11:10:48.659Z"}
{"level":"info","message":"Identity service running on port 4001","service":"identity-service","timestamp":"2025-03-22T11:10:57.513Z"}
{"level":"info","message":"Refresh token endpoint hit...","service":"identity-service","timestamp":"2025-03-22T11:10:59.298Z"}
{"level":"warn","message":"\u001b[31m❌ Refresh token error: res is not defined\u001b[39m","service":"identity-service","timestamp":"2025-03-22T11:10:59.603Z"}
{"level":"info","message":"\u001b[35mAll tokens refreshed\u001b[39m","service":"identity-service","timestamp":"2025-03-22T11:10:59.604Z"}
{"level":"info","message":"Identity service running on port 4001","service":"identity-service","timestamp":"2025-03-22T11:11:32.838Z"}
{"level":"info","message":"Identity service running on port 4001","service":"identity-service","timestamp":"2025-03-22T11:13:05.151Z"}
{"level":"info","message":"Refresh token endpoint hit...","service":"identity-service","timestamp":"2025-03-22T11:18:56.968Z"}
{"level":"warn","message":"\u001b[31m❌ Refresh token error: res is not defined\u001b[39m","service":"identity-service","timestamp":"2025-03-22T11:19:03.014Z"}
{"level":"info","message":"Identity service running on port 4001","service":"identity-service","timestamp":"2025-03-22T11:20:53.281Z"}
{"level":"info","message":"Identity service running on port 4001","service":"identity-service","timestamp":"2025-03-22T11:21:03.767Z"}
{"level":"info","message":"Refresh token endpoint hit...","service":"identity-service","timestamp":"2025-03-22T11:21:06.868Z"}
{"level":"info","message":"\u001b[32m✅ Access token refreshed successfully\u001b[39m","service":"identity-service","timestamp":"2025-03-22T11:21:07.496Z"}
{"code":"ERR_HTTP_INVALID_STATUS_CODE","level":"error","message":"Refresh token error occurred Invalid status code: undefined","service":"identity-service","stack":"RangeError [ERR_HTTP_INVALID_STATUS_CODE]: Invalid status code: undefined\n    at ServerResponse.writeHead (node:_http_server:358:11)\n    at ServerResponse._implicitHeader (node:_http_server:344:8)\n    at write_ (node:_http_outgoing:989:9)\n    at ServerResponse.end (node:_http_outgoing:1106:5)\n    at ServerResponse.send (/Users/macbook/Desktop/payflex microservice/identity-service/node_modules/express/lib/response.js:232:10)\n    at ServerResponse.json (/Users/macbook/Desktop/payflex microservice/identity-service/node_modules/express/lib/response.js:278:15)\n    at refreshAccessToken (file:///Users/macbook/Desktop/payflex%20microservice/identity-service/src/controllers/authController.js:129:38)\n    at process.processTicksAndRejections (node:internal/process/task_queues:105:5)","timestamp":"2025-03-22T11:21:07.498Z"}
{"level":"info","message":"Identity service running on port 4001","service":"identity-service","timestamp":"2025-03-22T11:21:39.036Z"}
{"level":"info","message":"Identity service running on port 4001","service":"identity-service","timestamp":"2025-03-22T11:21:43.264Z"}
{"level":"info","message":"Identity service running on port 4001","service":"identity-service","timestamp":"2025-03-22T11:21:47.667Z"}
{"level":"info","message":"Refresh token endpoint hit...","service":"identity-service","timestamp":"2025-03-22T11:28:20.937Z"}
{"level":"info","message":"\u001b[32m✅ Access token refreshed successfully\u001b[39m","service":"identity-service","timestamp":"2025-03-22T11:28:21.570Z"}
{"code":"ERR_HTTP_INVALID_STATUS_CODE","level":"error","message":"Refresh token error occurred Invalid status code: undefined","service":"identity-service","stack":"RangeError [ERR_HTTP_INVALID_STATUS_CODE]: Invalid status code: undefined\n    at ServerResponse.writeHead (node:_http_server:358:11)\n    at ServerResponse._implicitHeader (node:_http_server:344:8)\n    at write_ (node:_http_outgoing:989:9)\n    at ServerResponse.end (node:_http_outgoing:1106:5)\n    at ServerResponse.send (/Users/macbook/Desktop/payflex microservice/identity-service/node_modules/express/lib/response.js:232:10)\n    at ServerResponse.json (/Users/macbook/Desktop/payflex microservice/identity-service/node_modules/express/lib/response.js:278:15)\n    at refreshAccessToken (file:///Users/macbook/Desktop/payflex%20microservice/identity-service/src/controllers/authController.js:130:38)\n    at process.processTicksAndRejections (node:internal/process/task_queues:105:5)","timestamp":"2025-03-22T11:28:21.573Z"}
{"level":"info","message":"Identity service running on port 4001","service":"identity-service","timestamp":"2025-03-22T11:29:36.442Z"}
{"level":"info","message":"Refresh token endpoint hit...","service":"identity-service","timestamp":"2025-03-22T11:29:39.870Z"}
{"level":"info","message":"\u001b[32m✅ Access token refreshed successfully\u001b[39m","service":"identity-service","timestamp":"2025-03-22T11:29:40.514Z"}
{"level":"info","message":"Identity service running on port 4001","service":"identity-service","timestamp":"2025-03-22T11:30:03.410Z"}
{"level":"error","message":"\u001b[31mRoute not found\u001b[39m","service":"identity-service","timestamp":"2025-03-22T11:31:05.685Z"}
{"level":"error","message":"\u001b[31mRoute not found\u001b[39m","service":"identity-service","timestamp":"2025-03-22T11:32:31.233Z"}
{"level":"info","message":"Identity service running on port 4001","service":"identity-service","timestamp":"2025-03-22T11:38:45.466Z"}
{"level":"info","message":"Identity service running on port 4001","service":"identity-service","timestamp":"2025-03-22T11:39:00.314Z"}
{"level":"info","message":"Identity service running on port 4001","service":"identity-service","timestamp":"2025-03-22T11:39:03.263Z"}
{"level":"info","message":"Identity service running on port 4001","service":"identity-service","timestamp":"2025-03-22T11:39:19.044Z"}
{"level":"info","message":"Identity service running on port 4001","service":"identity-service","timestamp":"2025-03-22T11:39:29.834Z"}
{"level":"info","message":"Identity service running on port 4001","service":"identity-service","timestamp":"2025-03-22T11:39:34.938Z"}
{"level":"info","message":"Identity service running on port 4001","service":"identity-service","timestamp":"2025-03-22T11:39:46.156Z"}
{"level":"info","message":"Identity service running on port 4001","service":"identity-service","timestamp":"2025-03-22T11:39:52.088Z"}
{"level":"info","message":"Identity service running on port 4001","service":"identity-service","timestamp":"2025-03-22T11:40:00.000Z"}
{"level":"info","message":"Identity service running on port 4001","service":"identity-service","timestamp":"2025-03-22T11:40:05.091Z"}
{"level":"info","message":"Identity service running on port 4001","service":"identity-service","timestamp":"2025-03-22T11:40:20.327Z"}
{"level":"info","message":"Identity service running on port 4001","service":"identity-service","timestamp":"2025-03-22T11:40:23.592Z"}
{"level":"info","message":"Identity service running on port 4001","service":"identity-service","timestamp":"2025-03-22T11:40:37.879Z"}
{"level":"info","message":"\u001b[35m✅ Dashboard for user adeyeye.toyorsi@gmail.com retrieved successfully\u001b[39m","service":"identity-service","timestamp":"2025-03-22T11:40:41.567Z"}
{"level":"info","message":"Identity service running on port 4001","service":"identity-service","timestamp":"2025-03-22T11:41:50.860Z"}
{"level":"info","message":"Identity service running on port 4001","service":"identity-service","timestamp":"2025-03-22T11:54:18.628Z"}
{"level":"info","message":"Identity service running on port 4001","service":"identity-service","timestamp":"2025-03-22T11:54:42.748Z"}
{"level":"info","message":"Identity service running on port 4001","service":"identity-service","timestamp":"2025-03-22T11:54:59.663Z"}
{"level":"info","message":"Identity service running on port 4001","service":"identity-service","timestamp":"2025-03-22T11:55:09.395Z"}
{"level":"info","message":"Identity service running on port 4001","service":"identity-service","timestamp":"2025-03-22T11:55:13.830Z"}
{"level":"info","message":"Identity service running on port 4001","service":"identity-service","timestamp":"2025-03-22T11:56:15.218Z"}
{"level":"info","message":"Identity service running on port 4001","service":"identity-service","timestamp":"2025-03-22T11:59:14.715Z"}
{"level":"error","message":"\u001b[31mRoute not found\u001b[39m","service":"identity-service","timestamp":"2025-03-22T12:00:54.557Z"}
{"level":"error","message":"\u001b[31mRoute not found\u001b[39m","service":"identity-service","timestamp":"2025-03-22T12:02:06.833Z"}
{"level":"info","message":"Identity service running on port 4001","service":"identity-service","timestamp":"2025-03-22T12:03:43.164Z"}
{"level":"error","message":"\u001b[31mRoute not found\u001b[39m","service":"identity-service","timestamp":"2025-03-22T12:03:51.336Z"}
{"level":"error","message":"\u001b[31mRoute not found\u001b[39m","service":"identity-service","timestamp":"2025-03-22T12:08:46.239Z"}
{"level":"info","message":"Identity service running on port 4001","service":"identity-service","timestamp":"2025-03-22T12:09:15.105Z"}
{"level":"info","message":"Identity service running on port 4001","service":"identity-service","timestamp":"2025-03-22T12:09:26.233Z"}
{"level":"error","message":"\u001b[31mRoute not found\u001b[39m","service":"identity-service","timestamp":"2025-03-22T12:09:28.715Z"}
{"level":"info","message":"Identity service running on port 4001","service":"identity-service","timestamp":"2025-03-22T12:10:22.644Z"}
{"level":"info","message":"Identity service running on port 4001","service":"identity-service","timestamp":"2025-03-22T12:10:44.689Z"}
{"level":"info","message":"Identity service running on port 4001","service":"identity-service","timestamp":"2025-03-22T12:11:04.386Z"}
{"level":"info","message":"Identity service running on port 4001","service":"identity-service","timestamp":"2025-03-22T12:11:09.908Z"}
{"level":"error","message":"\u001b[31mRoute not found\u001b[39m","service":"identity-service","timestamp":"2025-03-22T12:11:17.630Z"}
{"level":"info","message":"Identity service running on port 4001","service":"identity-service","timestamp":"2025-03-22T12:11:49.773Z"}
{"level":"error","message":"\u001b[31mRoute not found\u001b[39m","service":"identity-service","timestamp":"2025-03-22T12:11:53.277Z"}
{"level":"info","message":"Identity service running on port 4001","service":"identity-service","timestamp":"2025-03-22T12:47:57.408Z"}
{"level":"error","message":"\u001b[31mRoute not found\u001b[39m","service":"identity-service","timestamp":"2025-03-22T12:49:41.262Z"}
{"level":"info","message":"Identity service running on port 4001","service":"identity-service","timestamp":"2025-03-22T20:41:57.535Z"}
{"level":"info","message":"Identity service running on port 4001","service":"identity-service","timestamp":"2025-03-22T20:47:58.491Z"}
{"level":"info","message":"Identity service running on port 4001","service":"identity-service","timestamp":"2025-03-22T20:48:04.625Z"}
{"level":"info","message":"Identity service running on port 4001","service":"identity-service","timestamp":"2025-03-22T20:48:07.700Z"}
{"level":"info","message":"Identity service running on port 4001","service":"identity-service","timestamp":"2025-03-22T20:48:38.551Z"}
{"level":"info","message":"Identity service running on port 4001","service":"identity-service","timestamp":"2025-03-22T21:03:46.973Z"}
{"level":"info","message":"Identity service running on port 4001","service":"identity-service","timestamp":"2025-03-22T21:05:53.419Z"}
{"level":"info","message":"Identity service running on port 4001","service":"identity-service","timestamp":"2025-03-22T21:05:57.714Z"}
{"level":"info","message":"Identity service running on port 4001","service":"identity-service","timestamp":"2025-03-22T21:06:16.687Z"}
{"level":"info","message":"Identity service running on port 4001","service":"identity-service","timestamp":"2025-03-22T21:06:20.578Z"}
{"level":"info","message":"Identity service running on port 4001","service":"identity-service","timestamp":"2025-03-22T21:06:29.640Z"}
{"level":"info","message":"Identity service running on port 4001","service":"identity-service","timestamp":"2025-03-22T21:06:35.467Z"}
{"level":"info","message":"Identity service running on port 4001","service":"identity-service","timestamp":"2025-03-22T21:06:52.183Z"}
{"level":"info","message":"Identity service running on port 4001","service":"identity-service","timestamp":"2025-03-22T21:06:59.617Z"}
{"level":"info","message":"Identity service running on port 4001","service":"identity-service","timestamp":"2025-03-22T21:07:22.268Z"}
{"level":"info","message":"Identity service running on port 4001","service":"identity-service","timestamp":"2025-03-22T21:07:42.926Z"}
{"level":"warn","message":"\u001b[31mError fetching account details:  AxiosError: Request failed with status code 400\u001b[39m\n\u001b[31m    at settle (file:///Users/macbook/Desktop/payflex%20microservice/identity-service/node_modules/axios/lib/core/settle.js:19:12)\u001b[39m\n\u001b[31m    at IncomingMessage.handleStreamEnd (file:///Users/macbook/Desktop/payflex%20microservice/identity-service/node_modules/axios/lib/adapters/http.js:599:11)\u001b[39m\n\u001b[31m    at IncomingMessage.emit (node:events:530:35)\u001b[39m\n\u001b[31m    at endReadableNT (node:internal/streams/readable:1698:12)\u001b[39m\n\u001b[31m    at process.processTicksAndRejections (node:internal/process/task_queues:90:21)\u001b[39m\n\u001b[31m    at Axios.request (file:///Users/macbook/Desktop/payflex%20microservice/identity-service/node_modules/axios/lib/core/Axios.js:45:41)\u001b[39m\n\u001b[31m    at process.processTicksAndRejections (node:internal/process/task_queues:105:5)\u001b[39m\n\u001b[31m    at async file:///Users/macbook/Desktop/payflex%20microservice/identity-service/src/controllers/user.controller.js:28:28 {\u001b[39m\n\u001b[31m  code: 'ERR_BAD_REQUEST',\u001b[39m\n\u001b[31m  config: {\u001b[39m\n\u001b[31m    transitional: {\u001b[39m\n\u001b[31m      silentJSONParsing: true,\u001b[39m\n\u001b[31m      forcedJSONParsing: true,\u001b[39m\n\u001b[31m      clarifyTimeoutError: false\u001b[39m\n\u001b[31m    },\u001b[39m\n\u001b[31m    adapter: [ 'xhr', 'http', 'fetch' ],\u001b[39m\n\u001b[31m    transformRequest: [ [Function: transformRequest] ],\u001b[39m\n\u001b[31m    transformResponse: [ [Function: transformResponse] ],\u001b[39m\n\u001b[31m    timeout: 0,\u001b[39m\n\u001b[31m    xsrfCookieName: 'XSRF-TOKEN',\u001b[39m\n\u001b[31m    xsrfHeaderName: 'X-XSRF-TOKEN',\u001b[39m\n\u001b[31m    maxContentLength: -1,\u001b[39m\n\u001b[31m    maxBodyLength: -1,\u001b[39m\n\u001b[31m    env: { FormData: [Function [FormData]], Blob: [class Blob] },\u001b[39m\n\u001b[31m    validateStatus: [Function: validateStatus],\u001b[39m\n\u001b[31m    headers: Object [AxiosHeaders] {\u001b[39m\n\u001b[31m      Accept: 'application/json, text/plain, */*',\u001b[39m\n\u001b[31m      'Content-Type': undefined,\u001b[39m\n\u001b[31m      'User-Agent': 'axios/1.8.4',\u001b[39m\n\u001b[31m      'Accept-Encoding': 'gzip, compress, deflate, br'\u001b[39m\n\u001b[31m    },\u001b[39m\n\u001b[31m    method: 'get',\u001b[39m\n\u001b[31m    url: 'http://localhost:4000/api/v1/banking/accounts',\u001b[39m\n\u001b[31m    allowAbsoluteUrls: true,\u001b[39m\n\u001b[31m    data: undefined\u001b[39m\n\u001b[31m  },\u001b[39m\n\u001b[31m  request: <ref *1> ClientRequest {\u001b[39m\n\u001b[31m    _events: [Object: null prototype] {\u001b[39m\n\u001b[31m      abort: [Function (anonymous)],\u001b[39m\n\u001b[31m      aborted: [Function (anonymous)],\u001b[39m\n\u001b[31m      connect: [Function (anonymous)],\u001b[39m\n\u001b[31m      error: [Function (anonymous)],\u001b[39m\n\u001b[31m      socket: [Function (anonymous)],\u001b[39m\n\u001b[31m      timeout: [Function (anonymous)],\u001b[39m\n\u001b[31m      finish: [Function: requestOnFinish]\u001b[39m\n\u001b[31m    },\u001b[39m\n\u001b[31m    _eventsCount: 7,\u001b[39m\n\u001b[31m    _maxListeners: undefined,\u001b[39m\n\u001b[31m    outputData: [],\u001b[39m\n\u001b[31m    outputSize: 0,\u001b[39m\n\u001b[31m    writable: true,\u001b[39m\n\u001b[31m    destroyed: false,\u001b[39m\n\u001b[31m    _last: true,\u001b[39m\n\u001b[31m    chunkedEncoding: false,\u001b[39m\n\u001b[31m    shouldKeepAlive: false,\u001b[39m\n\u001b[31m    maxRequestsOnConnectionReached: false,\u001b[39m\n\u001b[31m    _defaultKeepAlive: true,\u001b[39m\n\u001b[31m    useChunkedEncodingByDefault: false,\u001b[39m\n\u001b[31m    sendDate: false,\u001b[39m\n\u001b[31m    _removedConnection: false,\u001b[39m\n\u001b[31m    _removedContLen: false,\u001b[39m\n\u001b[31m    _removedTE: false,\u001b[39m\n\u001b[31m    strictContentLength: false,\u001b[39m\n\u001b[31m    _contentLength: 0,\u001b[39m\n\u001b[31m    _hasBody: true,\u001b[39m\n\u001b[31m    _trailer: '',\u001b[39m\n\u001b[31m    finished: true,\u001b[39m\n\u001b[31m    _headerSent: true,\u001b[39m\n\u001b[31m    _closed: false,\u001b[39m\n\u001b[31m    _header: 'GET /api/v1/banking/accounts HTTP/1.1\\r\\n' +\u001b[39m\n\u001b[31m      'Accept: application/json, text/plain, */*\\r\\n' +\u001b[39m\n\u001b[31m      'User-Agent: axios/1.8.4\\r\\n' +\u001b[39m\n\u001b[31m      'Accept-Encoding: gzip, compress, deflate, br\\r\\n' +\u001b[39m\n\u001b[31m      'Host: localhost:4000\\r\\n' +\u001b[39m\n\u001b[31m      'Connection: keep-alive\\r\\n' +\u001b[39m\n\u001b[31m      '\\r\\n',\u001b[39m\n\u001b[31m    _keepAliveTimeout: 0,\u001b[39m\n\u001b[31m    _onPendingData: [Function: nop],\u001b[39m\n\u001b[31m    agent: Agent {\u001b[39m\n\u001b[31m      _events: [Object: null prototype],\u001b[39m\n\u001b[31m      _eventsCount: 2,\u001b[39m\n\u001b[31m      _maxListeners: undefined,\u001b[39m\n\u001b[31m      defaultPort: 80,\u001b[39m\n\u001b[31m      protocol: 'http:',\u001b[39m\n\u001b[31m      options: [Object: null prototype],\u001b[39m\n\u001b[31m      requests: [Object: null prototype] {},\u001b[39m\n\u001b[31m      sockets: [Object: null prototype],\u001b[39m\n\u001b[31m      freeSockets: [Object: null prototype] {},\u001b[39m\n\u001b[31m      keepAliveMsecs: 1000,\u001b[39m\n\u001b[31m      keepAlive: true,\u001b[39m\n\u001b[31m      maxSockets: Infinity,\u001b[39m\n\u001b[31m      maxFreeSockets: 256,\u001b[39m\n\u001b[31m      scheduling: 'lifo',\u001b[39m\n\u001b[31m      maxTotalSockets: Infinity,\u001b[39m\n\u001b[31m      totalSocketCount: 1,\u001b[39m\n\u001b[31m      [Symbol(shapeMode)]: false,\u001b[39m\n\u001b[31m      [Symbol(kCapture)]: false\u001b[39m\n\u001b[31m    },\u001b[39m\n\u001b[31m    socketPath: undefined,\u001b[39m\n\u001b[31m    method: 'GET',\u001b[39m\n\u001b[31m    maxHeaderSize: undefined,\u001b[39m\n\u001b[31m    insecureHTTPParser: undefined,\u001b[39m\n\u001b[31m    joinDuplicateHeaders: undefined,\u001b[39m\n\u001b[31m    path: '/api/v1/banking/accounts',\u001b[39m\n\u001b[31m    _ended: true,\u001b[39m\n\u001b[31m    res: IncomingMessage {\u001b[39m\n\u001b[31m      _events: [Object],\u001b[39m\n\u001b[31m      _readableState: [ReadableState],\u001b[39m\n\u001b[31m      _maxListeners: undefined,\u001b[39m\n\u001b[31m      socket: [Socket],\u001b[39m\n\u001b[31m      httpVersionMajor: 1,\u001b[39m\n\u001b[31m      httpVersionMinor: 1,\u001b[39m\n\u001b[31m      httpVersion: '1.1',\u001b[39m\n\u001b[31m      complete: true,\u001b[39m\n\u001b[31m      rawHeaders: [Array],\u001b[39m\n\u001b[31m      rawTrailers: [],\u001b[39m\n\u001b[31m      joinDuplicateHeaders: undefined,\u001b[39m\n\u001b[31m      aborted: false,\u001b[39m\n\u001b[31m      upgrade: false,\u001b[39m\n\u001b[31m      url: '',\u001b[39m\n\u001b[31m      method: null,\u001b[39m\n\u001b[31m      statusCode: 400,\u001b[39m\n\u001b[31m      statusMessage: 'Bad Request',\u001b[39m\n\u001b[31m      client: [Socket],\u001b[39m\n\u001b[31m      _consuming: false,\u001b[39m\n\u001b[31m      _dumped: false,\u001b[39m\n\u001b[31m      req: [Circular *1],\u001b[39m\n\u001b[31m      _eventsCount: 4,\u001b[39m\n\u001b[31m      responseUrl: 'http://localhost:4000/api/v1/banking/accounts',\u001b[39m\n\u001b[31m      redirects: [],\u001b[39m\n\u001b[31m      [Symbol(shapeMode)]: true,\u001b[39m\n\u001b[31m      [Symbol(kCapture)]: false,\u001b[39m\n\u001b[31m      [Symbol(kHeaders)]: [Object],\u001b[39m\n\u001b[31m      [Symbol(kHeadersCount)]: 40,\u001b[39m\n\u001b[31m      [Symbol(kTrailers)]: null,\u001b[39m\n\u001b[31m      [Symbol(kTrailersCount)]: 0\u001b[39m\n\u001b[31m    },\u001b[39m\n\u001b[31m    aborted: false,\u001b[39m\n\u001b[31m    timeoutCb: [Function: emitRequestTimeout],\u001b[39m\n\u001b[31m    upgradeOrConnect: false,\u001b[39m\n\u001b[31m    parser: null,\u001b[39m\n\u001b[31m    maxHeadersCount: null,\u001b[39m\n\u001b[31m    reusedSocket: false,\u001b[39m\n\u001b[31m    host: 'localhost',\u001b[39m\n\u001b[31m    protocol: 'http:',\u001b[39m\n\u001b[31m    _redirectable: Writable {\u001b[39m\n\u001b[31m      _events: [Object],\u001b[39m\n\u001b[31m      _writableState: [WritableState],\u001b[39m\n\u001b[31m      _maxListeners: undefined,\u001b[39m\n\u001b[31m      _options: [Object],\u001b[39m\n\u001b[31m      _ended: true,\u001b[39m\n\u001b[31m      _ending: true,\u001b[39m\n\u001b[31m      _redirectCount: 0,\u001b[39m\n\u001b[31m      _redirects: [],\u001b[39m\n\u001b[31m      _requestBodyLength: 0,\u001b[39m\n\u001b[31m      _requestBodyBuffers: [],\u001b[39m\n\u001b[31m      _eventsCount: 3,\u001b[39m\n\u001b[31m      _onNativeResponse: [Function (anonymous)],\u001b[39m\n\u001b[31m      _currentRequest: [Circular *1],\u001b[39m\n\u001b[31m      _currentUrl: 'http://localhost:4000/api/v1/banking/accounts',\u001b[39m\n\u001b[31m      [Symbol(shapeMode)]: true,\u001b[39m\n\u001b[31m      [Symbol(kCapture)]: false\u001b[39m\n\u001b[31m    },\u001b[39m\n\u001b[31m    [Symbol(shapeMode)]: false,\u001b[39m\n\u001b[31m    [Symbol(kCapture)]: false,\u001b[39m\n\u001b[31m    [Symbol(kBytesWritten)]: 0,\u001b[39m\n\u001b[31m    [Symbol(kNeedDrain)]: false,\u001b[39m\n\u001b[31m    [Symbol(corked)]: 0,\u001b[39m\n\u001b[31m    [Symbol(kChunkedBuffer)]: [],\u001b[39m\n\u001b[31m    [Symbol(kChunkedLength)]: 0,\u001b[39m\n\u001b[31m    [Symbol(kSocket)]: Socket {\u001b[39m\n\u001b[31m      connecting: false,\u001b[39m\n\u001b[31m      _hadError: false,\u001b[39m\n\u001b[31m      _parent: null,\u001b[39m\n\u001b[31m      _host: 'localhost',\u001b[39m\n\u001b[31m      _closeAfterHandlingError: false,\u001b[39m\n\u001b[31m      _events: [Object],\u001b[39m\n\u001b[31m      _readableState: [ReadableState],\u001b[39m\n\u001b[31m      _writableState: [WritableState],\u001b[39m\n\u001b[31m      allowHalfOpen: false,\u001b[39m\n\u001b[31m      _maxListeners: undefined,\u001b[39m\n\u001b[31m      _eventsCount: 7,\u001b[39m\n\u001b[31m      _sockname: null,\u001b[39m\n\u001b[31m      _pendingData: null,\u001b[39m\n\u001b[31m      _pendingEncoding: '',\u001b[39m\n\u001b[31m      server: null,\u001b[39m\n\u001b[31m      _server: null,\u001b[39m\n\u001b[31m      timeout: 5000,\u001b[39m\n\u001b[31m      parser: null,\u001b[39m\n\u001b[31m      _httpMessage: [Circular *1],\u001b[39m\n\u001b[31m      autoSelectFamilyAttemptedAddresses: [Array],\u001b[39m\n\u001b[31m      [Symbol(async_id_symbol)]: 931,\u001b[39m\n\u001b[31m      [Symbol(kHandle)]: [TCP],\u001b[39m\n\u001b[31m      [Symbol(lastWriteQueueSize)]: 0,\u001b[39m\n\u001b[31m      [Symbol(timeout)]: Timeout {\u001b[39m\n\u001b[31m        _idleTimeout: 5000,\u001b[39m\n\u001b[31m        _idlePrev: [TimersList],\u001b[39m\n\u001b[31m        _idleNext: [TimersList],\u001b[39m\n\u001b[31m        _idleStart: 33930,\u001b[39m\n\u001b[31m        _onTimeout: [Function: bound ],\u001b[39m\n\u001b[31m        _timerArgs: undefined,\u001b[39m\n\u001b[31m        _repeat: null,\u001b[39m\n\u001b[31m        _destroyed: false,\u001b[39m\n\u001b[31m        [Symbol(refed)]: false,\u001b[39m\n\u001b[31m        [Symbol(kHasPrimitive)]: false,\u001b[39m\n\u001b[31m        [Symbol(asyncId)]: 930,\u001b[39m\n\u001b[31m        [Symbol(triggerId)]: 0,\u001b[39m\n\u001b[31m        [Symbol(kAsyncContextFrame)]: undefined\u001b[39m\n\u001b[31m      },\u001b[39m\n\u001b[31m      [Symbol(kBuffer)]: null,\u001b[39m\n\u001b[31m      [Symbol(kBufferCb)]: null,\u001b[39m\n\u001b[31m      [Symbol(kBufferGen)]: null,\u001b[39m\n\u001b[31m      [Symbol(shapeMode)]: true,\u001b[39m\n\u001b[31m      [Symbol(kCapture)]: false,\u001b[39m\n\u001b[31m      [Symbol(kSetNoDelay)]: true,\u001b[39m\n\u001b[31m      [Symbol(kSetKeepAlive)]: true,\u001b[39m\n\u001b[31m      [Symbol(kSetKeepAliveInitialDelay)]: 60,\u001b[39m\n\u001b[31m      [Symbol(kBytesRead)]: 0,\u001b[39m\n\u001b[31m      [Symbol(kBytesWritten)]: 0\u001b[39m\n\u001b[31m    },\u001b[39m\n\u001b[31m    [Symbol(kOutHeaders)]: [Object: null prototype] {\u001b[39m\n\u001b[31m      accept: [Array],\u001b[39m\n\u001b[31m      'user-agent': [Array],\u001b[39m\n\u001b[31m      'accept-encoding': [Array],\u001b[39m\n\u001b[31m      host: [Array]\u001b[39m\n\u001b[31m    },\u001b[39m\n\u001b[31m    [Symbol(errored)]: null,\u001b[39m\n\u001b[31m    [Symbol(kHighWaterMark)]: 65536,\u001b[39m\n\u001b[31m    [Symbol(kRejectNonStandardBodyWrites)]: false,\u001b[39m\n\u001b[31m    [Symbol(kUniqueHeaders)]: null\u001b[39m\n\u001b[31m  },\u001b[39m\n\u001b[31m  response: {\u001b[39m\n\u001b[31m    status: 400,\u001b[39m\n\u001b[31m    statusText: 'Bad Request',\u001b[39m\n\u001b[31m    headers: Object [AxiosHeaders] {\u001b[39m\n\u001b[31m      'x-powered-by': 'Express',\u001b[39m\n\u001b[31m      'content-security-policy': \"default-src 'self';base-uri 'self';font-src 'self' https: data:;form-action 'self';frame-ancestors 'self';img-src 'self' data:;object-src 'none';script-src 'self';script-src-attr 'none';style-src 'self' https: 'unsafe-inline';upgrade-insecure-requests\",\u001b[39m\n\u001b[31m      'cross-origin-opener-policy': 'same-origin',\u001b[39m\n\u001b[31m      'cross-origin-resource-policy': 'same-origin',\u001b[39m\n\u001b[31m      'origin-agent-cluster': '?1',\u001b[39m\n\u001b[31m      'referrer-policy': 'no-referrer',\u001b[39m\n\u001b[31m      'strict-transport-security': 'max-age=31536000; includeSubDomains',\u001b[39m\n\u001b[31m      'x-content-type-options': 'nosniff',\u001b[39m\n\u001b[31m      'x-dns-prefetch-control': 'off',\u001b[39m\n\u001b[31m      'x-download-options': 'noopen',\u001b[39m\n\u001b[31m      'x-frame-options': 'SAMEORIGIN',\u001b[39m\n\u001b[31m      'x-permitted-cross-domain-policies': 'none',\u001b[39m\n\u001b[31m      'x-xss-protection': '0',\u001b[39m\n\u001b[31m      'access-control-allow-origin': '*',\u001b[39m\n\u001b[31m      'access-control-allow-credentials': 'true',\u001b[39m\n\u001b[31m      'content-type': 'application/json; charset=utf-8',\u001b[39m\n\u001b[31m      'content-length': '33',\u001b[39m\n\u001b[31m      etag: 'W/\"21-Pv+bMrBCqerCxF01JKAFjSsS2Hk\"',\u001b[39m\n\u001b[31m      date: 'Sat, 22 Mar 2025 21:08:12 GMT',\u001b[39m\n\u001b[31m      connection: 'close'\u001b[39m\n\u001b[31m    },\u001b[39m\n\u001b[31m    config: {\u001b[39m\n\u001b[31m      transitional: [Object],\u001b[39m\n\u001b[31m      adapter: [Array],\u001b[39m\n\u001b[31m      transformRequest: [Array],\u001b[39m\n\u001b[31m      transformResponse: [Array],\u001b[39m\n\u001b[31m      timeout: 0,\u001b[39m\n\u001b[31m      xsrfCookieName: 'XSRF-TOKEN',\u001b[39m\n\u001b[31m      xsrfHeaderName: 'X-XSRF-TOKEN',\u001b[39m\n\u001b[31m      maxContentLength: -1,\u001b[39m\n\u001b[31m      maxBodyLength: -1,\u001b[39m\n\u001b[31m      env: [Object],\u001b[39m\n\u001b[31m      validateStatus: [Function: validateStatus],\u001b[39m\n\u001b[31m      headers: [Object [AxiosHeaders]],\u001b[39m\n\u001b[31m      method: 'get',\u001b[39m\n\u001b[31m      url: 'http://localhost:4000/api/v1/banking/accounts',\u001b[39m\n\u001b[31m      allowAbsoluteUrls: true,\u001b[39m\n\u001b[31m      data: undefined\u001b[39m\n\u001b[31m    },\u001b[39m\n\u001b[31m    request: <ref *1> ClientRequest {\u001b[39m\n\u001b[31m      _events: [Object: null prototype],\u001b[39m\n\u001b[31m      _eventsCount: 7,\u001b[39m\n\u001b[31m      _maxListeners: undefined,\u001b[39m\n\u001b[31m      outputData: [],\u001b[39m\n\u001b[31m      outputSize: 0,\u001b[39m\n\u001b[31m      writable: true,\u001b[39m\n\u001b[31m      destroyed: false,\u001b[39m\n\u001b[31m      _last: true,\u001b[39m\n\u001b[31m      chunkedEncoding: false,\u001b[39m\n\u001b[31m      shouldKeepAlive: false,\u001b[39m\n\u001b[31m      maxRequestsOnConnectionReached: false,\u001b[39m\n\u001b[31m      _defaultKeepAlive: true,\u001b[39m\n\u001b[31m      useChunkedEncodingByDefault: false,\u001b[39m\n\u001b[31m      sendDate: false,\u001b[39m\n\u001b[31m      _removedConnection: false,\u001b[39m\n\u001b[31m      _removedContLen: false,\u001b[39m\n\u001b[31m      _removedTE: false,\u001b[39m\n\u001b[31m      strictContentLength: false,\u001b[39m\n\u001b[31m      _contentLength: 0,\u001b[39m\n\u001b[31m      _hasBody: true,\u001b[39m\n\u001b[31m      _trailer: '',\u001b[39m\n\u001b[31m      finished: true,\u001b[39m\n\u001b[31m      _headerSent: true,\u001b[39m\n\u001b[31m      _closed: false,\u001b[39m\n\u001b[31m      _header: 'GET /api/v1/banking/accounts HTTP/1.1\\r\\n' +\u001b[39m\n\u001b[31m        'Accept: application/json, text/plain, */*\\r\\n' +\u001b[39m\n\u001b[31m        'User-Agent: axios/1.8.4\\r\\n' +\u001b[39m\n\u001b[31m        'Accept-Encoding: gzip, compress, deflate, br\\r\\n' +\u001b[39m\n\u001b[31m        'Host: localhost:4000\\r\\n' +\u001b[39m\n\u001b[31m        'Connection: keep-alive\\r\\n' +\u001b[39m\n\u001b[31m        '\\r\\n',\u001b[39m\n\u001b[31m      _keepAliveTimeout: 0,\u001b[39m\n\u001b[31m      _onPendingData: [Function: nop],\u001b[39m\n\u001b[31m      agent: [Agent],\u001b[39m\n\u001b[31m      socketPath: undefined,\u001b[39m\n\u001b[31m      method: 'GET',\u001b[39m\n\u001b[31m      maxHeaderSize: undefined,\u001b[39m\n\u001b[31m      insecureHTTPParser: undefined,\u001b[39m\n\u001b[31m      joinDuplicateHeaders: undefined,\u001b[39m\n\u001b[31m      path: '/api/v1/banking/accounts',\u001b[39m\n\u001b[31m      _ended: true,\u001b[39m\n\u001b[31m      res: [IncomingMessage],\u001b[39m\n\u001b[31m      aborted: false,\u001b[39m\n\u001b[31m      timeoutCb: [Function: emitRequestTimeout],\u001b[39m\n\u001b[31m      upgradeOrConnect: false,\u001b[39m\n\u001b[31m      parser: null,\u001b[39m\n\u001b[31m      maxHeadersCount: null,\u001b[39m\n\u001b[31m      reusedSocket: false,\u001b[39m\n\u001b[31m      host: 'localhost',\u001b[39m\n\u001b[31m      protocol: 'http:',\u001b[39m\n\u001b[31m      _redirectable: [Writable],\u001b[39m\n\u001b[31m      [Symbol(shapeMode)]: false,\u001b[39m\n\u001b[31m      [Symbol(kCapture)]: false,\u001b[39m\n\u001b[31m      [Symbol(kBytesWritten)]: 0,\u001b[39m\n\u001b[31m      [Symbol(kNeedDrain)]: false,\u001b[39m\n\u001b[31m      [Symbol(corked)]: 0,\u001b[39m\n\u001b[31m      [Symbol(kChunkedBuffer)]: [],\u001b[39m\n\u001b[31m      [Symbol(kChunkedLength)]: 0,\u001b[39m\n\u001b[31m      [Symbol(kSocket)]: [Socket],\u001b[39m\n\u001b[31m      [Symbol(kOutHeaders)]: [Object: null prototype],\u001b[39m\n\u001b[31m      [Symbol(errored)]: null,\u001b[39m\n\u001b[31m      [Symbol(kHighWaterMark)]: 65536,\u001b[39m\n\u001b[31m      [Symbol(kRejectNonStandardBodyWrites)]: false,\u001b[39m\n\u001b[31m      [Symbol(kUniqueHeaders)]: null\u001b[39m\n\u001b[31m    },\u001b[39m\n\u001b[31m    data: { message: 'User ID is required' }\u001b[39m\n\u001b[31m  },\u001b[39m\n\u001b[31m  status: 400\u001b[39m\n\u001b[31m}\u001b[39m","service":"identity-service","timestamp":"2025-03-22T21:08:12.585Z"}
{"level":"info","message":"Identity service running on port 4001","service":"identity-service","timestamp":"2025-03-22T21:12:21.091Z"}
{"level":"info","message":"Identity service running on port 4001","service":"identity-service","timestamp":"2025-03-23T14:28:13.975Z"}
{"level":"info","message":"Identity service running on port 4001","service":"identity-service","timestamp":"2025-03-23T14:33:29.503Z"}
{"level":"info","message":"Identity service running on port 4001","service":"identity-service","timestamp":"2025-03-23T14:33:38.775Z"}
{"level":"info","message":"Identity service running on port 4001","service":"identity-service","timestamp":"2025-03-23T14:34:17.047Z"}
{"level":"error","message":"\u001b[31mUser does not exist\u001b[39m","service":"identity-service","timestamp":"2025-03-23T14:34:32.534Z"}
{"level":"info","message":"Identity service running on port 4001","service":"identity-service","timestamp":"2025-03-23T14:34:57.236Z"}
{"level":"info","message":"Identity service running on port 4001","service":"identity-service","timestamp":"2025-03-23T14:35:05.034Z"}
{"level":"info","message":"Identity service running on port 4001","service":"identity-service","timestamp":"2025-03-23T14:36:22.675Z"}
{"level":"info","message":"Identity service running on port 4001","service":"identity-service","timestamp":"2025-03-23T14:41:18.751Z"}
{"level":"info","message":"Identity service running on port 4001","service":"identity-service","timestamp":"2025-03-23T14:41:58.572Z"}
{"level":"info","message":"Identity service running on port 4001","service":"identity-service","timestamp":"2025-03-23T14:42:14.088Z"}
{"level":"info","message":"Identity service running on port 4001","service":"identity-service","timestamp":"2025-03-23T14:42:25.717Z"}
{"level":"info","message":"Identity service running on port 4001","service":"identity-service","timestamp":"2025-03-23T14:42:52.731Z"}
{"level":"info","message":"Identity service running on port 4001","service":"identity-service","timestamp":"2025-03-23T14:43:02.847Z"}
{"level":"info","message":"Identity service running on port 4001","service":"identity-service","timestamp":"2025-03-23T14:44:16.376Z"}
{"level":"info","message":"Identity service running on port 4001","service":"identity-service","timestamp":"2025-03-23T14:46:58.535Z"}
{"level":"info","message":"Identity service running on port 4001","service":"identity-service","timestamp":"2025-03-23T14:49:11.843Z"}
{"level":"info","message":"Identity service running on port 4001","service":"identity-service","timestamp":"2025-03-23T14:49:55.398Z"}
{"level":"info","message":"Identity service running on port 4001","service":"identity-service","timestamp":"2025-03-23T14:50:07.155Z"}
{"level":"info","message":"Identity service running on port 4001","service":"identity-service","timestamp":"2025-03-23T14:51:21.631Z"}
{"level":"info","message":"Identity service running on port 4001","service":"identity-service","timestamp":"2025-03-23T14:53:11.344Z"}
{"level":"info","message":"Identity service running on port 4001","service":"identity-service","timestamp":"2025-03-23T14:55:44.713Z"}
{"level":"error","message":"\u001b[31mUser already exists\u001b[39m","service":"identity-service","timestamp":"2025-03-23T14:57:46.154Z"}
{"level":"info","message":"Identity service running on port 4001","service":"identity-service","timestamp":"2025-03-23T14:58:25.956Z"}
{"level":"info","message":"Identity service running on port 4001","service":"identity-service","timestamp":"2025-03-23T14:58:33.602Z"}
{"level":"error","message":"\u001b[31mUser already exists\u001b[39m","service":"identity-service","timestamp":"2025-03-23T14:58:43.378Z"}
{"level":"info","message":"Identity service running on port 4001","service":"identity-service","timestamp":"2025-03-23T15:03:00.437Z"}
{"level":"info","message":"Identity service running on port 4001","service":"identity-service","timestamp":"2025-03-23T15:03:33.917Z"}
{"level":"error","message":"\u001b[31mUser already exists\u001b[39m","service":"identity-service","timestamp":"2025-03-23T15:03:46.501Z"}
{"level":"info","message":"Identity service running on port 4001","service":"identity-service","timestamp":"2025-03-23T15:04:00.481Z"}
{"level":"info","message":"Identity service running on port 4001","service":"identity-service","timestamp":"2025-03-23T15:04:08.964Z"}
{"level":"info","message":"Identity service running on port 4001","service":"identity-service","timestamp":"2025-03-23T15:04:34.320Z"}
{"level":"info","message":"Identity service running on port 4001","service":"identity-service","timestamp":"2025-03-23T15:04:38.255Z"}
{"level":"error","message":"\u001b[31mUser already exists\u001b[39m","service":"identity-service","timestamp":"2025-03-23T15:04:53.514Z"}
{"level":"info","message":"Identity service running on port 4001","service":"identity-service","timestamp":"2025-03-23T15:05:20.805Z"}
{"level":"error","message":"\u001b[31mUser already exists\u001b[39m","service":"identity-service","timestamp":"2025-03-23T15:05:37.214Z"}
{"level":"error","message":"\u001b[31mUser already exists\u001b[39m","service":"identity-service","timestamp":"2025-03-23T15:05:37.216Z"}
{"level":"info","message":"Identity service running on port 4001","service":"identity-service","timestamp":"2025-03-23T15:06:04.715Z"}
{"level":"info","message":"Identity service running on port 4001","service":"identity-service","timestamp":"2025-03-23T15:06:09.181Z"}
{"level":"info","message":"Identity service running on port 4001","service":"identity-service","timestamp":"2025-03-23T15:06:14.447Z"}
{"level":"info","message":"Identity service running on port 4001","service":"identity-service","timestamp":"2025-03-23T15:06:19.214Z"}
{"level":"info","message":"Identity service running on port 4001","service":"identity-service","timestamp":"2025-03-23T15:06:52.372Z"}
{"level":"info","message":"Identity service running on port 4001","service":"identity-service","timestamp":"2025-03-23T15:07:10.496Z"}
{"level":"info","message":"Identity service running on port 4001","service":"identity-service","timestamp":"2025-03-23T15:07:16.249Z"}
{"level":"info","message":"Identity service running on port 4001","service":"identity-service","timestamp":"2025-03-23T15:07:19.487Z"}
{"level":"info","message":"Identity service running on port 4001","service":"identity-service","timestamp":"2025-03-23T15:07:21.018Z"}
{"level":"error","message":"\u001b[31m\u001b[39m\n\u001b[31mInvalid `prisma.user.create()` invocation:\u001b[39m\n\n\n\u001b[31mUnique constraint failed on the fields: (`email`)\u001b[39m","service":"identity-service","timestamp":"2025-03-23T15:07:29.305Z"}
{"level":"info","message":"Identity service running on port 4001","service":"identity-service","timestamp":"2025-03-23T15:08:22.383Z"}
{"level":"error","message":"\u001b[31m\u001b[39m\n\u001b[31mInvalid `prisma.user.create()` invocation:\u001b[39m\n\n\n\u001b[31mUnique constraint failed on the fields: (`email`)\u001b[39m","service":"identity-service","timestamp":"2025-03-23T15:08:26.541Z"}
{"level":"info","message":"Identity service running on port 4001","service":"identity-service","timestamp":"2025-03-23T15:09:15.925Z"}
{"level":"info","message":"Identity service running on port 4001","service":"identity-service","timestamp":"2025-03-23T15:09:26.071Z"}
{"level":"info","message":"Identity service running on port 4001","service":"identity-service","timestamp":"2025-03-23T15:09:30.477Z"}
{"level":"info","message":"Identity service running on port 4001","service":"identity-service","timestamp":"2025-03-23T15:09:33.369Z"}
{"level":"info","message":"Identity service running on port 4001","service":"identity-service","timestamp":"2025-03-23T15:09:49.115Z"}
{"level":"info","message":"Identity service running on port 4001","service":"identity-service","timestamp":"2025-03-23T15:09:55.398Z"}
{"level":"info","message":"Identity service running on port 4001","service":"identity-service","timestamp":"2025-03-23T15:09:56.629Z"}
{"level":"error","message":"\u001b[31mCannot read properties of undefined (reading 'email')\u001b[39m","service":"identity-service","timestamp":"2025-03-23T15:10:11.766Z"}
{"level":"info","message":"Identity service running on port 4001","service":"identity-service","timestamp":"2025-03-23T15:11:02.756Z"}
{"level":"info","message":"Identity service running on port 4001","service":"identity-service","timestamp":"2025-03-23T15:11:40.438Z"}
{"level":"info","message":"Identity service running on port 4001","service":"identity-service","timestamp":"2025-03-23T15:11:48.251Z"}
{"level":"info","message":"Identity service running on port 4001","service":"identity-service","timestamp":"2025-03-23T15:11:50.348Z"}
{"level":"info","message":"Identity service running on port 4001","service":"identity-service","timestamp":"2025-03-23T15:11:52.693Z"}
{"level":"info","message":"Identity service running on port 4001","service":"identity-service","timestamp":"2025-03-23T15:11:59.782Z"}
{"level":"info","message":"Identity service running on port 4001","service":"identity-service","timestamp":"2025-03-23T15:12:01.879Z"}
{"level":"info","message":"Identity service running on port 4001","service":"identity-service","timestamp":"2025-03-23T15:12:03.282Z"}
{"level":"info","message":"Identity service running on port 4001","service":"identity-service","timestamp":"2025-03-23T15:12:04.758Z"}
{"level":"info","message":"Identity service running on port 4001","service":"identity-service","timestamp":"2025-03-23T15:12:07.480Z"}
{"level":"info","message":"Identity service running on port 4001","service":"identity-service","timestamp":"2025-03-23T15:12:09.224Z"}
{"level":"info","message":"Identity service running on port 4001","service":"identity-service","timestamp":"2025-03-23T15:12:33.638Z"}
{"level":"info","message":"Identity service running on port 4001","service":"identity-service","timestamp":"2025-03-23T15:12:39.878Z"}
{"level":"info","message":"Identity service running on port 4001","service":"identity-service","timestamp":"2025-03-23T15:12:45.562Z"}
{"level":"info","message":"Identity service running on port 4001","service":"identity-service","timestamp":"2025-03-23T15:12:47.032Z"}
{"level":"info","message":"Identity service running on port 4001","service":"identity-service","timestamp":"2025-03-23T15:13:02.885Z"}
{"level":"info","message":"Identity service running on port 4001","service":"identity-service","timestamp":"2025-03-23T15:13:12.415Z"}
{"level":"info","message":"\u001b[35mOTP code: 8614 sent to user: adeyeye.toyorsi@gmail.com\u001b[39m","service":"identity-service","timestamp":"2025-03-23T15:13:18.397Z"}
{"level":"info","message":"Identity service running on port 4001","service":"identity-service","timestamp":"2025-03-23T15:16:38.249Z"}
{"level":"info","message":"Identity service running on port 4001","service":"identity-service","timestamp":"2025-03-23T15:18:04.297Z"}
{"level":"info","message":"Identity service running on port 4001","service":"identity-service","timestamp":"2025-03-23T15:18:13.389Z"}
{"level":"info","message":"Identity service running on port 4001","service":"identity-service","timestamp":"2025-03-23T15:18:15.453Z"}
{"level":"error","message":"\u001b[31mupdatedUser is not defined\u001b[39m","service":"identity-service","timestamp":"2025-03-23T15:18:25.861Z"}
{"level":"info","message":"Identity service running on port 4001","service":"identity-service","timestamp":"2025-03-23T15:18:57.690Z"}
{"level":"info","message":"Identity service running on port 4001","service":"identity-service","timestamp":"2025-03-23T15:19:01.107Z"}
{"level":"info","message":"Identity service running on port 4001","service":"identity-service","timestamp":"2025-03-23T15:19:32.608Z"}
{"level":"info","message":"\u001b[35mOTP code: 2386 sent to user: adeyeye.toyorsi@gmail.com\u001b[39m","service":"identity-service","timestamp":"2025-03-23T15:19:39.175Z"}
{"level":"info","message":"Identity service running on port 4001","service":"identity-service","timestamp":"2025-03-23T15:20:57.176Z"}
{"level":"info","message":"Identity service running on port 4001","service":"identity-service","timestamp":"2025-03-23T15:21:11.606Z"}
{"level":"info","message":"Identity service running on port 4001","service":"identity-service","timestamp":"2025-03-23T15:21:13.380Z"}
{"level":"info","message":"Identity service running on port 4001","service":"identity-service","timestamp":"2025-03-23T15:21:38.171Z"}
{"level":"info","message":"Identity service running on port 4001","service":"identity-service","timestamp":"2025-03-23T15:21:42.812Z"}
{"level":"info","message":"Identity service running on port 4001","service":"identity-service","timestamp":"2025-03-23T15:21:45.289Z"}
{"level":"info","message":"Identity service running on port 4001","service":"identity-service","timestamp":"2025-03-23T15:21:49.592Z"}
{"level":"info","message":"Identity service running on port 4001","service":"identity-service","timestamp":"2025-03-23T15:22:11.484Z"}
{"level":"info","message":"Identity service running on port 4001","service":"identity-service","timestamp":"2025-03-23T15:25:49.834Z"}
{"level":"info","message":"Identity service running on port 4001","service":"identity-service","timestamp":"2025-03-23T15:26:02.659Z"}
{"level":"info","message":"Identity service running on port 4001","service":"identity-service","timestamp":"2025-03-23T15:26:16.154Z"}
{"level":"error","message":"\u001b[31m\u001b[39m\n\u001b[31mInvalid `prisma.user.update()` invocation:\u001b[39m\n\n\u001b[31m{\u001b[39m\n\u001b[31m  where: {\u001b[39m\n\u001b[31m    email: \"adeyeye.toyorsi@gmail.com\"\u001b[39m\n\u001b[31m  },\u001b[39m\n\u001b[31m  data: {\u001b[39m\n\u001b[31m    otp: \"5122\",\u001b[39m\n\u001b[31m    otp_expires_at: new Date(\"2025-03-23T15:31:42.126Z\"),\u001b[39m\n\u001b[31m    ~~~~~~~~~~~~~~\u001b[39m\n\u001b[31m?   id?: String | StringFieldUpdateOperationsInput,\u001b[39m\n\u001b[31m?   first_name?: String | NullableStringFieldUpdateOperationsInput | Null,\u001b[39m\n\u001b[31m?   last_name?: String | NullableStringFieldUpdateOperationsInput | Null,\u001b[39m\n\u001b[31m?   email?: String | StringFieldUpdateOperationsInput,\u001b[39m\n\u001b[31m?   phone_number?: String | NullableStringFieldUpdateOperationsInput | Null,\u001b[39m\n\u001b[31m?   password?: String | NullableStringFieldUpdateOperationsInput | Null,\u001b[39m\n\u001b[31m?   role?: Role | EnumRoleFieldUpdateOperationsInput,\u001b[39m\n\u001b[31m?   gender?: Gender | NullableEnumGenderFieldUpdateOperationsInput | Null,\u001b[39m\n\u001b[31m?   date_of_birth?: DateTime | NullableDateTimeFieldUpdateOperationsInput | Null,\u001b[39m\n\u001b[31m?   is_email_verified?: Boolean | BoolFieldUpdateOperationsInput,\u001b[39m\n\u001b[31m?   createdAt?: DateTime | DateTimeFieldUpdateOperationsInput,\u001b[39m\n\u001b[31m?   updatedAt?: DateTime | DateTimeFieldUpdateOperationsInput,\u001b[39m\n\u001b[31m?   profile_image?: ProfileImageUpdateOneWithoutUserNestedInput,\u001b[39m\n\u001b[31m?   address?: AddressUpdateOneWithoutUserNestedInput,\u001b[39m\n\u001b[31m?   refreshToken?: RefreshTokenUpdateOneWithoutUserNestedInput\u001b[39m\n\u001b[31m  }\u001b[39m\n\u001b[31m}\u001b[39m\n\n\u001b[31mUnknown argument `otp_expires_at`. Available options are marked with ?.\u001b[39m","service":"identity-service","timestamp":"2025-03-23T15:26:42.137Z"}
{"level":"error","message":"\u001b[31m\u001b[39m\n\u001b[31mInvalid `prisma.user.create()` invocation:\u001b[39m\n\n\u001b[31m{\u001b[39m\n\u001b[31m  data: {\u001b[39m\n\u001b[31m    email: \"adeyeye.toyorsi@gmail.com\",\u001b[39m\n\u001b[31m    otp: \"6381\",\u001b[39m\n\u001b[31m    otp_expires_at: new Date(\"2025-03-23T15:36:31.388Z\"),\u001b[39m\n\u001b[31m    ~~~~~~~~~~~~~~\u001b[39m\n\u001b[31m?   id?: String,\u001b[39m\n\u001b[31m?   first_name?: String | Null,\u001b[39m\n\u001b[31m?   last_name?: String | Null,\u001b[39m\n\u001b[31m?   phone_number?: String | Null,\u001b[39m\n\u001b[31m?   password?: String | Null,\u001b[39m\n\u001b[31m?   role?: Role,\u001b[39m\n\u001b[31m?   gender?: Gender | Null,\u001b[39m\n\u001b[31m?   date_of_birth?: DateTime | Null,\u001b[39m\n\u001b[31m?   is_email_verified?: Boolean,\u001b[39m\n\u001b[31m?   createdAt?: DateTime,\u001b[39m\n\u001b[31m?   updatedAt?: DateTime,\u001b[39m\n\u001b[31m?   profile_image?: ProfileImageCreateNestedOneWithoutUserInput,\u001b[39m\n\u001b[31m?   address?: AddressCreateNestedOneWithoutUserInput,\u001b[39m\n\u001b[31m?   refreshToken?: RefreshTokenCreateNestedOneWithoutUserInput\u001b[39m\n\u001b[31m  }\u001b[39m\n\u001b[31m}\u001b[39m\n\n\u001b[31mUnknown argument `otp_expires_at`. Available options are marked with ?.\u001b[39m","service":"identity-service","timestamp":"2025-03-23T15:31:31.390Z"}
{"level":"info","message":"Identity service running on port 4001","service":"identity-service","timestamp":"2025-03-23T15:32:07.135Z"}
{"level":"info","message":"\u001b[35mOTP code: 5521 sent to user: adeyeye.toyorsi@gmail.com\u001b[39m","service":"identity-service","timestamp":"2025-03-23T15:32:13.087Z"}
{"level":"info","message":"Identity service running on port 4001","service":"identity-service","timestamp":"2025-03-23T15:42:22.467Z"}
{"level":"info","message":"Identity service running on port 4001","service":"identity-service","timestamp":"2025-03-23T15:42:27.061Z"}
{"level":"info","message":"Identity service running on port 4001","service":"identity-service","timestamp":"2025-03-23T15:42:29.585Z"}
{"level":"error","message":"\u001b[31muserToVerify is not defined\u001b[39m","service":"identity-service","timestamp":"2025-03-23T15:42:51.933Z"}
{"level":"info","message":"Identity service running on port 4001","service":"identity-service","timestamp":"2025-03-23T15:43:03.840Z"}
{"level":"info","message":"\u001b[35mOTP code: 1784 sent to user: adeyeye.toyorsi@gmail.com\u001b[39m","service":"identity-service","timestamp":"2025-03-23T15:43:11.732Z"}
{"level":"info","message":"Identity service running on port 4001","service":"identity-service","timestamp":"2025-03-23T15:44:07.629Z"}
{"level":"info","message":"Identity service running on port 4001","service":"identity-service","timestamp":"2025-03-23T15:44:14.468Z"}
{"level":"info","message":"Identity service running on port 4001","service":"identity-service","timestamp":"2025-03-23T15:44:23.585Z"}
{"level":"info","message":"Identity service running on port 4001","service":"identity-service","timestamp":"2025-03-23T15:44:44.896Z"}
{"level":"info","message":"Identity service running on port 4001","service":"identity-service","timestamp":"2025-03-23T15:45:38.141Z"}
{"level":"info","message":"Identity service running on port 4001","service":"identity-service","timestamp":"2025-03-23T15:45:40.264Z"}
{"level":"error","message":"\u001b[31mRoute not found\u001b[39m","service":"identity-service","timestamp":"2025-03-23T15:47:23.538Z"}
{"level":"info","message":"Identity service running on port 4001","service":"identity-service","timestamp":"2025-03-23T15:48:39.532Z"}
{"level":"info","message":"\u001b[35mOTP code: 7795 sent to user: adeyeye.toyorsi@gmail.com\u001b[39m","service":"identity-service","timestamp":"2025-03-23T15:48:57.543Z"}
{"level":"error","message":"\u001b[31mEmail verification failed.\u001b[39m","service":"identity-service","timestamp":"2025-03-23T15:49:17.110Z"}
{"level":"info","message":"Identity service running on port 4001","service":"identity-service","timestamp":"2025-03-23T15:49:42.476Z"}
{"level":"info","message":"Identity service running on port 4001","service":"identity-service","timestamp":"2025-03-23T15:50:17.949Z"}
{"level":"info","message":"Identity service running on port 4001","service":"identity-service","timestamp":"2025-03-23T15:50:27.403Z"}
{"level":"info","message":"Identity service running on port 4001","service":"identity-service","timestamp":"2025-03-23T15:50:29.974Z"}
{"level":"info","message":"Identity service running on port 4001","service":"identity-service","timestamp":"2025-03-23T15:50:53.885Z"}
{"level":"info","message":"Identity service running on port 4001","service":"identity-service","timestamp":"2025-03-23T15:50:59.107Z"}
{"level":"info","message":"Identity service running on port 4001","service":"identity-service","timestamp":"2025-03-23T15:51:11.423Z"}
{"level":"info","message":"Identity service running on port 4001","service":"identity-service","timestamp":"2025-03-23T15:51:19.461Z"}
{"level":"info","message":"Identity service running on port 4001","service":"identity-service","timestamp":"2025-03-23T15:51:22.065Z"}
{"level":"info","message":"Identity service running on port 4001","service":"identity-service","timestamp":"2025-03-23T15:51:27.885Z"}
{"level":"info","message":"Identity service running on port 4001","service":"identity-service","timestamp":"2025-03-23T15:52:13.503Z"}
{"level":"info","message":"Identity service running on port 4001","service":"identity-service","timestamp":"2025-03-23T15:52:15.272Z"}
{"level":"info","message":"Identity service running on port 4001","service":"identity-service","timestamp":"2025-03-23T15:52:17.304Z"}
{"level":"info","message":"Identity service running on port 4001","service":"identity-service","timestamp":"2025-03-23T15:52:26.953Z"}
{"level":"info","message":"Identity service running on port 4001","service":"identity-service","timestamp":"2025-03-23T15:52:58.157Z"}
{"level":"info","message":"Identity service running on port 4001","service":"identity-service","timestamp":"2025-03-23T15:53:01.415Z"}
{"level":"info","message":"Identity service running on port 4001","service":"identity-service","timestamp":"2025-03-23T15:53:14.049Z"}
{"level":"info","message":"Identity service running on port 4001","service":"identity-service","timestamp":"2025-03-23T15:53:35.693Z"}
{"level":"info","message":"Identity service running on port 4001","service":"identity-service","timestamp":"2025-03-23T15:55:15.355Z"}
{"level":"info","message":"Identity service running on port 4001","service":"identity-service","timestamp":"2025-03-23T15:56:05.515Z"}
{"level":"info","message":"Identity service running on port 4001","service":"identity-service","timestamp":"2025-03-23T15:57:03.289Z"}
{"level":"info","message":"Identity service running on port 4001","service":"identity-service","timestamp":"2025-03-23T15:58:01.702Z"}
{"level":"info","message":"Identity service running on port 4001","service":"identity-service","timestamp":"2025-03-23T15:58:27.451Z"}
{"level":"info","message":"Identity service running on port 4001","service":"identity-service","timestamp":"2025-03-23T15:59:44.161Z"}
{"level":"info","message":"Identity service running on port 4001","service":"identity-service","timestamp":"2025-03-23T16:05:57.888Z"}
{"level":"info","message":"Identity service running on port 4001","service":"identity-service","timestamp":"2025-03-23T16:09:27.949Z"}
{"level":"info","message":"Identity service running on port 4001","service":"identity-service","timestamp":"2025-03-23T16:09:29.182Z"}
{"level":"info","message":"Identity service running on port 4001","service":"identity-service","timestamp":"2025-03-23T16:09:33.938Z"}
{"level":"info","message":"Identity service running on port 4001","service":"identity-service","timestamp":"2025-03-23T16:11:43.887Z"}
{"level":"info","message":"Identity service running on port 4001","service":"identity-service","timestamp":"2025-03-23T16:13:14.440Z"}
{"level":"info","message":"Identity service running on port 4001","service":"identity-service","timestamp":"2025-03-23T16:13:17.125Z"}
{"level":"info","message":"Identity service running on port 4001","service":"identity-service","timestamp":"2025-03-23T16:13:25.194Z"}
{"level":"info","message":"Identity service running on port 4001","service":"identity-service","timestamp":"2025-03-23T16:13:49.135Z"}
{"level":"info","message":"Identity service running on port 4001","service":"identity-service","timestamp":"2025-03-23T16:13:56.120Z"}
{"level":"info","message":"Identity service running on port 4001","service":"identity-service","timestamp":"2025-03-23T16:14:47.444Z"}
{"level":"info","message":"Identity service running on port 4001","service":"identity-service","timestamp":"2025-03-23T16:15:03.551Z"}
{"level":"info","message":"Identity service running on port 4001","service":"identity-service","timestamp":"2025-03-23T16:15:10.588Z"}
{"level":"info","message":"Identity service running on port 4001","service":"identity-service","timestamp":"2025-03-23T16:15:51.032Z"}
{"level":"info","message":"Identity service running on port 4001","service":"identity-service","timestamp":"2025-03-23T16:16:12.490Z"}
{"level":"info","message":"Identity service running on port 4001","service":"identity-service","timestamp":"2025-03-23T16:16:15.171Z"}
{"level":"info","message":"Identity service running on port 4001","service":"identity-service","timestamp":"2025-03-23T16:17:37.945Z"}
{"level":"info","message":"Identity service running on port 4001","service":"identity-service","timestamp":"2025-03-23T18:53:56.402Z"}
{"level":"error","message":"\u001b[31mRoute not found\u001b[39m","service":"identity-service","timestamp":"2025-03-23T18:54:38.033Z"}
{"level":"info","message":"Identity service running on port 4001","service":"identity-service","timestamp":"2025-03-23T18:54:59.539Z"}
{"level":"info","message":"Identity service running on port 4001","service":"identity-service","timestamp":"2025-03-23T18:55:09.875Z"}
{"level":"info","message":"Identity service running on port 4001","service":"identity-service","timestamp":"2025-03-23T18:55:53.491Z"}
{"level":"info","message":"Identity service running on port 4001","service":"identity-service","timestamp":"2025-03-23T19:01:12.236Z"}
{"level":"info","message":"Identity service running on port 4001","service":"identity-service","timestamp":"2025-03-23T19:01:33.097Z"}
{"level":"info","message":"Identity service running on port 4001","service":"identity-service","timestamp":"2025-03-23T19:01:49.762Z"}
{"level":"info","message":"Identity service running on port 4001","service":"identity-service","timestamp":"2025-03-23T19:01:53.920Z"}
{"level":"info","message":"Identity service running on port 4001","service":"identity-service","timestamp":"2025-03-23T19:01:55.676Z"}
{"level":"info","message":"Identity service running on port 4001","service":"identity-service","timestamp":"2025-03-23T19:02:03.026Z"}
{"level":"info","message":"Identity service running on port 4001","service":"identity-service","timestamp":"2025-03-23T19:05:15.664Z"}
{"level":"info","message":"Identity service running on port 4001","service":"identity-service","timestamp":"2025-03-23T19:05:41.954Z"}
{"level":"info","message":"Identity service running on port 4001","service":"identity-service","timestamp":"2025-03-23T19:05:51.676Z"}
{"level":"info","message":"Identity service running on port 4001","service":"identity-service","timestamp":"2025-03-23T19:07:22.716Z"}
{"level":"error","message":"\u001b[31mRoute not found\u001b[39m","service":"identity-service","timestamp":"2025-03-23T19:08:40.786Z"}
{"level":"info","message":"Identity service running on port 4001","service":"identity-service","timestamp":"2025-03-23T19:09:06.078Z"}
{"level":"error","message":"\u001b[31mUser with email: adeyeye.toyorsi@gmail.com already verified\u001b[39m","service":"identity-service","timestamp":"2025-03-23T19:11:11.933Z"}
{"level":"error","message":"\u001b[31mUser with email: adeyeye.toyorsi@gmail.com already exists\u001b[39m","service":"identity-service","timestamp":"2025-03-23T19:11:11.934Z"}
{"level":"info","message":"Identity service running on port 4001","service":"identity-service","timestamp":"2025-03-23T19:12:12.160Z"}
{"level":"info","message":"\u001b[35mOTP code: 5243 sent to user: adeyeye.toyorsi@gmail.com\u001b[39m","service":"identity-service","timestamp":"2025-03-23T19:12:29.388Z"}
{"level":"error","message":"\u001b[31mRoute not found\u001b[39m","service":"identity-service","timestamp":"2025-03-23T19:13:14.182Z"}
{"level":"info","message":"Identity service running on port 4001","service":"identity-service","timestamp":"2025-03-23T19:13:33.145Z"}
{"level":"error","message":"\u001b[31mresetPasswordService is not defined\u001b[39m","service":"identity-service","timestamp":"2025-03-23T19:14:01.942Z"}
{"level":"info","message":"Identity service running on port 4001","service":"identity-service","timestamp":"2025-03-23T19:14:48.259Z"}
{"level":"info","message":"Identity service running on port 4001","service":"identity-service","timestamp":"2025-03-23T19:15:07.324Z"}
{"level":"info","message":"Identity service running on port 4001","service":"identity-service","timestamp":"2025-03-23T19:16:52.787Z"}
{"level":"info","message":"Identity service running on port 4001","service":"identity-service","timestamp":"2025-03-23T19:17:36.618Z"}
{"level":"info","message":"Identity service running on port 4001","service":"identity-service","timestamp":"2025-03-23T19:17:38.935Z"}
{"level":"info","message":"Identity service running on port 4001","service":"identity-service","timestamp":"2025-03-23T19:22:46.343Z"}
{"level":"info","message":"Identity service running on port 4001","service":"identity-service","timestamp":"2025-03-23T19:22:51.490Z"}
{"level":"info","message":"Identity service running on port 4001","service":"identity-service","timestamp":"2025-03-23T19:23:27.056Z"}
{"level":"info","message":"Identity service running on port 4001","service":"identity-service","timestamp":"2025-03-23T19:23:34.611Z"}
{"level":"info","message":"Identity service running on port 4001","service":"identity-service","timestamp":"2025-03-23T19:23:35.821Z"}
{"level":"info","message":"Identity service running on port 4001","service":"identity-service","timestamp":"2025-03-23T19:24:07.115Z"}
{"level":"info","message":"Identity service running on port 4001","service":"identity-service","timestamp":"2025-03-23T19:24:08.473Z"}
{"level":"info","message":"Identity service running on port 4001","service":"identity-service","timestamp":"2025-03-23T19:24:43.930Z"}
{"level":"info","message":"Identity service running on port 4001","service":"identity-service","timestamp":"2025-03-23T19:24:47.041Z"}
{"level":"info","message":"Identity service running on port 4001","service":"identity-service","timestamp":"2025-03-23T19:24:56.592Z"}
{"level":"info","message":"Identity service running on port 4001","service":"identity-service","timestamp":"2025-03-23T19:25:07.276Z"}
{"level":"info","message":"Identity service running on port 4001","service":"identity-service","timestamp":"2025-03-23T19:25:09.213Z"}
{"level":"info","message":"Identity service running on port 4001","service":"identity-service","timestamp":"2025-03-23T19:25:15.101Z"}
{"level":"info","message":"Identity service running on port 4001","service":"identity-service","timestamp":"2025-03-23T19:25:18.424Z"}
{"level":"info","message":"Identity service running on port 4001","service":"identity-service","timestamp":"2025-03-23T19:25:25.209Z"}
{"level":"info","message":"Identity service running on port 4001","service":"identity-service","timestamp":"2025-03-23T19:25:33.299Z"}
{"level":"info","message":"Identity service running on port 4001","service":"identity-service","timestamp":"2025-03-23T19:27:57.224Z"}
{"level":"info","message":"Identity service running on port 4001","service":"identity-service","timestamp":"2025-03-23T19:34:23.842Z"}
{"level":"error","message":"\u001b[31mRoute not found\u001b[39m","service":"identity-service","timestamp":"2025-03-23T19:35:03.795Z"}
{"level":"info","message":"Identity service running on port 4001","service":"identity-service","timestamp":"2025-03-23T19:35:53.169Z"}
{"level":"info","message":"Identity service running on port 4001","service":"identity-service","timestamp":"2025-03-23T19:36:29.466Z"}
{"level":"info","message":"Identity service running on port 4001","service":"identity-service","timestamp":"2025-03-23T19:36:35.322Z"}
{"level":"info","message":"Identity service running on port 4001","service":"identity-service","timestamp":"2025-03-23T19:36:38.680Z"}
{"level":"info","message":"Identity service running on port 4001","service":"identity-service","timestamp":"2025-03-23T19:36:52.351Z"}
{"level":"info","message":"Identity service running on port 4001","service":"identity-service","timestamp":"2025-03-23T19:36:59.881Z"}
{"level":"info","message":"Identity service running on port 4001","service":"identity-service","timestamp":"2025-03-23T19:51:02.444Z"}
{"level":"info","message":"Refresh token endpoint hit...","service":"identity-service","timestamp":"2025-03-23T19:51:12.785Z"}
{"level":"info","message":"\u001b[32m✅ Access token refreshed successfully\u001b[39m","service":"identity-service","timestamp":"2025-03-23T19:51:12.823Z"}
{"level":"info","message":"Refresh token endpoint hit...","service":"identity-service","timestamp":"2025-03-23T19:51:44.812Z"}
{"level":"info","message":"\u001b[32m✅ Access token refreshed successfully\u001b[39m","service":"identity-service","timestamp":"2025-03-23T19:51:44.820Z"}
{"level":"info","message":"Refresh token endpoint hit...","service":"identity-service","timestamp":"2025-03-23T19:53:40.546Z"}
{"level":"info","message":"\u001b[32m✅ Access token refreshed successfully\u001b[39m","service":"identity-service","timestamp":"2025-03-23T19:53:40.553Z"}
{"level":"info","message":"Refresh token endpoint hit...","service":"identity-service","timestamp":"2025-03-23T19:55:13.746Z"}
{"level":"info","message":"\u001b[32m✅ Access token refreshed successfully\u001b[39m","service":"identity-service","timestamp":"2025-03-23T19:55:13.754Z"}
{"level":"info","message":"Refresh token endpoint hit...","service":"identity-service","timestamp":"2025-03-23T19:55:41.349Z"}
{"level":"info","message":"\u001b[32m✅ Access token refreshed successfully\u001b[39m","service":"identity-service","timestamp":"2025-03-23T19:55:41.357Z"}
{"level":"info","message":"Identity service running on port 4001","service":"identity-service","timestamp":"2025-03-23T20:05:00.244Z"}
