{"level":"info","message":"users service running on port 4002","service":"identity-service","timestamp":"2025-03-21T16:31:56.617Z"}
{"level":"info","message":"users service running on port 4002","service":"identity-service","timestamp":"2025-03-21T16:32:14.827Z"}
{"level":"info","message":"users service running on port 4002","service":"identity-service","timestamp":"2025-03-21T16:32:18.719Z"}
{"0":"r","1":"e","2":"a","3":"s","4":"o","5":"n","6":":","level":"error","message":"Unhandled Rejection at","service":"identity-service","timestamp":"2025-03-21T16:32:23.669Z"}
{"level":"info","message":"users service running on port 4002","service":"identity-service","timestamp":"2025-03-21T16:32:25.573Z"}
{"0":"r","1":"e","2":"a","3":"s","4":"o","5":"n","6":":","level":"error","message":"Unhandled Rejection at","service":"identity-service","timestamp":"2025-03-21T16:32:27.468Z"}
{"0":"r","1":"e","2":"a","3":"s","4":"o","5":"n","6":":","level":"error","message":"Unhandled Rejection at","service":"identity-service","timestamp":"2025-03-21T16:32:33.118Z"}
{"0":"r","1":"e","2":"a","3":"s","4":"o","5":"n","6":":","level":"error","message":"Unhandled Rejection at","service":"identity-service","timestamp":"2025-03-21T16:32:38.497Z"}
{"level":"info","message":"\u001b[33musers service running on port 4002\u001b[39m","service":"identity-service","timestamp":"2025-03-21T16:32:47.342Z"}
{"level":"info","message":"\u001b[33musers service running on port 4002\u001b[39m","service":"identity-service","timestamp":"2025-03-21T16:33:22.783Z"}
{"level":"info","message":"\u001b[33musers service running on port 4002\u001b[39m","service":"identity-service","timestamp":"2025-03-21T16:42:18.393Z"}
{"level":"info","message":"\u001b[33musers service running on port 4002\u001b[39m","service":"identity-service","timestamp":"2025-03-21T17:31:06.319Z"}
{"level":"info","message":"\u001b[33musers service running on port 4002\u001b[39m","service":"identity-service","timestamp":"2025-03-22T09:48:54.924Z"}
{"level":"info","message":"\u001b[33musers service running on port 4002\u001b[39m","service":"identity-service","timestamp":"2025-03-22T11:45:06.313Z"}
{"level":"info","message":"\u001b[33musers service running on port 4002\u001b[39m","service":"identity-service","timestamp":"2025-03-22T11:47:49.392Z"}
{"level":"info","message":"\u001b[33musers service running on port 4002\u001b[39m","service":"identity-service","timestamp":"2025-03-22T11:53:51.063Z"}
{"level":"info","message":"\u001b[33musers service running on port 4002\u001b[39m","service":"identity-service","timestamp":"2025-03-22T12:01:23.694Z"}
{"level":"info","message":"\u001b[33musers service running on port 4002\u001b[39m","service":"identity-service","timestamp":"2025-03-22T12:01:29.398Z"}
{"level":"info","message":"\u001b[33mBanking service running on port 4002\u001b[39m","service":"identity-service","timestamp":"2025-03-22T12:01:40.588Z"}
{"level":"info","message":"\u001b[33mBanking service running on port 4002\u001b[39m","service":"identity-service","timestamp":"2025-03-22T12:02:01.142Z"}
{"level":"info","message":"\u001b[33mBanking service running on port 4002\u001b[39m","service":"identity-service","timestamp":"2025-03-22T12:03:31.074Z"}
{"level":"info","message":"\u001b[33mBanking service running on port 4002\u001b[39m","service":"identity-service","timestamp":"2025-03-22T12:03:37.473Z"}
{"level":"info","message":"\u001b[33mBanking service running on port 4002\u001b[39m","service":"identity-service","timestamp":"2025-03-22T12:17:08.772Z"}
{"level":"info","message":"\u001b[33mBanking service running on port 4002\u001b[39m","service":"identity-service","timestamp":"2025-03-22T12:17:16.519Z"}
{"level":"info","message":"\u001b[33mBanking service running on port 4002\u001b[39m","service":"identity-service","timestamp":"2025-03-22T12:17:28.498Z"}
{"level":"info","message":"\u001b[33mBanking service running on port 4002\u001b[39m","service":"identity-service","timestamp":"2025-03-22T12:47:52.597Z"}
{"level":"error","message":"\u001b[31mBanking Service Route not found\u001b[39m","service":"identity-service","timestamp":"2025-03-22T12:48:07.029Z"}
{"level":"info","message":"\u001b[33mBanking service: running on port 4002\u001b[39m","service":"identity-service","timestamp":"2025-03-22T12:48:30.193Z"}
{"level":"info","message":"\u001b[33mBanking service: running on port 4002\u001b[39m","service":"identity-service","timestamp":"2025-03-22T12:48:31.450Z"}
{"level":"info","message":"\u001b[36mAccount route hit...\u001b[39m","service":"identity-service","timestamp":"2025-03-22T12:49:13.001Z"}
{"level":"info","message":"\u001b[36mAccount route hit...\u001b[39m","service":"identity-service","timestamp":"2025-03-22T12:50:47.859Z"}
{"level":"info","message":"\u001b[36mAccount route hit...\u001b[39m","service":"identity-service","timestamp":"2025-03-22T12:54:38.702Z"}
{"level":"info","message":"\u001b[33mBanking service: running on port 4002\u001b[39m","service":"identity-service","timestamp":"2025-03-22T12:55:01.673Z"}
{"level":"info","message":"\u001b[36mAccount route hit...................\u001b[39m","service":"identity-service","timestamp":"2025-03-22T12:55:23.086Z"}
{"level":"info","message":"\u001b[33mBanking service: running on port 4002\u001b[39m","service":"identity-service","timestamp":"2025-03-22T13:01:00.976Z"}
{"level":"info","message":"\u001b[33mBanking service: running on port 4002\u001b[39m","service":"identity-service","timestamp":"2025-03-22T20:41:52.590Z"}
{"level":"info","message":"\u001b[36mAccount route hit...................\u001b[39m","service":"identity-service","timestamp":"2025-03-22T20:42:35.625Z"}
{"level":"info","message":"\u001b[33mBanking service: running on port 4002\u001b[39m","service":"identity-service","timestamp":"2025-03-22T20:47:07.263Z"}
{"level":"info","message":"\u001b[33mBanking service: running on port 4002\u001b[39m","service":"identity-service","timestamp":"2025-03-22T20:47:12.296Z"}
{"level":"info","message":"\u001b[33mBanking service: running on port 4002\u001b[39m","service":"identity-service","timestamp":"2025-03-22T20:47:14.608Z"}
{"level":"info","message":"\u001b[33mBanking service: running on port 4002\u001b[39m","service":"identity-service","timestamp":"2025-03-22T20:47:18.537Z"}
{"level":"info","message":"\u001b[33mBanking service: running on port 4002\u001b[39m","service":"identity-service","timestamp":"2025-03-22T20:48:36.858Z"}
{"level":"info","message":"\u001b[33mBanking service: running on port 4002\u001b[39m","service":"identity-service","timestamp":"2025-03-22T20:48:46.509Z"}
{"level":"info","message":"\u001b[33mBanking service: running on port 4002\u001b[39m","service":"identity-service","timestamp":"2025-03-22T21:05:01.594Z"}
{"level":"info","message":"\u001b[36m📌 Fetching user accounts...\u001b[39m","service":"identity-service","timestamp":"2025-03-22T21:08:12.567Z"}
{"level":"warn","message":"\u001b[33m⚠️ User ID not found in request\u001b[39m","service":"identity-service","timestamp":"2025-03-22T21:08:12.568Z"}
{"level":"info","message":"\u001b[33mBanking service: running on port 4002\u001b[39m","service":"identity-service","timestamp":"2025-03-22T21:12:17.103Z"}
